2024-09-11 08:04:07.981 - DBeaver 23.0.2.202304091457 is starting
2024-09-11 08:04:07.983 - OS: Linux 6.8.0-40-generic (amd64)
2024-09-11 08:04:07.983 - Java version: 17.0.6 by Eclipse Adoptium (64bit)
2024-09-11 08:04:07.984 - Install path: '/usr/share/dbeaver-ce'
2024-09-11 08:04:07.985 - Instance path: 'file:/home/iteknia/Documents/ARCHIVOS/al_maletin/PROJET/ITEKNIA/MULIIX/'
2024-09-11 08:04:07.986 - Memory available 64Mb/1024Mb
2024-09-11 08:04:07.996 - Create display
2024-09-11 08:04:08.176 - Initializing DBeaver 23.0.2
2024-09-11 08:04:08.178 - Host plugin: org.jkiss.dbeaver.ui.app.standalone 23.0.2.202304091457
2024-09-11 08:04:08.179 - Initialize desktop platform...
2024-09-11 08:04:08.411 - BounceCastle bundle found. Use JCE provider BC
> Start Core File Systems [org.eclipse.core.filesystem 1.9.500.v20220817-1539]
> Start Core Resource Management [org.eclipse.core.resources 3.18.100.v20221025-2047]
> Start Núcleo del equipo de soporte [org.eclipse.team.core 3.9.600.v20220902-2219]
> Start DBeaver UI Navigator [org.jkiss.dbeaver.ui.navigator 1.0.103.202304091457]
2024-09-11 08:04:08.816 - Initialize base platform...
> Start Expression Language [org.eclipse.core.expressions 3.8.200.v20220613-1047]
2024-09-11 08:04:08.860 - Platform initialized (681ms)
> Start DBeaver UI Editors - Base [org.jkiss.dbeaver.ui.editors.base 1.0.103.202304091457]
2024-09-11 08:04:08.880 - Starting RMI server at 30907
2024-09-11 08:04:08.942 - Run workbench
> Start DBeaver UI [org.jkiss.dbeaver.ui 5.1.118.202304091457]
> Start Eclipse e4 Workbench SWT [org.eclipse.e4.ui.workbench.swt 0.16.700.v20221024-2137]
> Start Eclipse Application Services [org.eclipse.e4.core.services 2.3.400.v20220915-1347]
> Start Eclipse UI Application Services [org.eclipse.e4.ui.services 1.5.100.v20221024-2137]
> Start Eclipse e4 Progress View [org.eclipse.e4.ui.progress 0.3.600.v20221024-2137]
> Start EMF XML/XMI Persistence [org.eclipse.emf.ecore.xmi 2.17.0.v20220817-1334]
> Start Eclipse CSS SWT Theme Support [org.eclipse.e4.ui.css.swt.theme 0.13.200.v20221024-2137]
> Start Eclipse e4 Workbench Add-ons [org.eclipse.e4.ui.workbench.addons.swt 1.4.500.v20221028-0801]
> Start Eclipse e4 Workbench SWT Renderer [org.eclipse.e4.ui.workbench.renderers.swt 0.15.700.v20221024-2137]
> Start Eclipse Bindings Support [org.eclipse.e4.ui.bindings 0.13.200.v20221024-2137]
> Start Eclipse Dependency Injection Extensions [org.eclipse.e4.core.di.extensions 0.17.200.v20220613-1008]
> Start Eclipse CSS SWT Support [org.eclipse.e4.ui.css.swt 0.14.700.v20221102-0748]
Warning: NLS unused message: BlockedJobsDialog_UserInterfaceTreeElement in: org.eclipse.ui.internal.progress.messages
2024-09-11 08:04:11.375 - Configure workbench window
> Start Núcleo del sistema de ayuda [org.eclipse.help 3.9.100.v20210721-0601]
2024-09-11 08:04:11.498 - Create actions
2024-09-11 08:04:11.505 - Disable Eclipse action set 'org.eclipse.ui.edit.text.actionSet.annotationNavigation'
2024-09-11 08:04:11.506 - Disable Eclipse action set 'org.eclipse.ui.WorkingSetActionSet'
2024-09-11 08:04:11.507 - Disable Eclipse action set 'org.eclipse.ui.actionSet.openFiles'
Warning: NLS unused message: controls_client_homes_panel_button_add_home in: org.jkiss.dbeaver.core.CoreResources
Warning: NLS unused message: controls_client_homes_panel_button_remove_home in: org.jkiss.dbeaver.core.CoreResources
Warning: NLS unused message: controls_client_homes_panel_confirm_remove_home_text in: org.jkiss.dbeaver.core.CoreResources
Warning: NLS unused message: controls_client_homes_panel_confirm_remove_home_title in: org.jkiss.dbeaver.core.CoreResources
Warning: NLS unused message: controls_client_homes_panel_dialog_title in: org.jkiss.dbeaver.core.CoreResources
Warning: NLS unused message: controls_client_homes_panel_group_information in: org.jkiss.dbeaver.core.CoreResources
Warning: NLS unused message: controls_client_homes_panel_label_id in: org.jkiss.dbeaver.core.CoreResources
Warning: NLS unused message: controls_client_homes_panel_label_name in: org.jkiss.dbeaver.core.CoreResources
Warning: NLS unused message: controls_client_homes_panel_label_path in: org.jkiss.dbeaver.core.CoreResources
Warning: NLS unused message: controls_client_homes_panel_label_product_name in: org.jkiss.dbeaver.core.CoreResources
Warning: NLS unused message: controls_client_homes_panel_label_product_version in: org.jkiss.dbeaver.core.CoreResources
Warning: NLS unused message: actions_menu_reset_workspace_state_message in: org.jkiss.dbeaver.ui.app.standalone.internal.CoreApplicationMessages
Warning: NLS unused message: actions_menu_reset_workspace_state_title in: org.jkiss.dbeaver.ui.app.standalone.internal.CoreApplicationMessages
2024-09-11 08:04:12.128 - Initialize workbench window
2024-09-11 08:04:12.134 - Finish initialization
> Start Equinox Java Authentication and Authorization Service (JAAS) [org.eclipse.equinox.security 1.3.1000.v20220801-1135]
> Start Java Native Access [com.sun.jna 5.12.1.v20221103-2317]
> Start Interfaz de usuario de manejo de conexión a Internet [org.eclipse.ui.net 1.4.100.v20220812-1406]
> Start Internet Connection Management [org.eclipse.core.net 1.4.0.v20220813-1037]
> Start DBeaver UI Editors - Data [org.jkiss.dbeaver.ui.editors.data 1.0.103.202304091457]
> Start DBeaver Sample Database [org.jkiss.dbeaver.ext.sample.database 1.0.140.202304091457]
> Start DBeaver Tip of the day [org.jkiss.dbeaver.ext.ui.tipoftheday 1.0.109.202304091457]
> Start DBeaver SQL Model [org.jkiss.dbeaver.model.sql 1.0.93.202304091457]
> Start DBeaver UI Editors - SQL [org.jkiss.dbeaver.ui.editors.sql 1.0.103.202304091457]
> Start Draw2d [org.eclipse.draw2dl 3.12.100.20230406122456]
> Start GEF3 GEF (MVC) [org.eclipse.gef3 3.12.100.20230406122456]
> Start DBeaver ERD UI [org.jkiss.dbeaver.erd.ui 3.0.63.202304091457]
> Start DBeaver ERD Model [org.jkiss.dbeaver.erd.model 1.0.63.202304091457]
2024-09-11 08:04:13.611 - Total database drivers: 101 (101)
> Start Editor de texto predeterminado [org.eclipse.ui.editors 3.14.400.v20220730-1844]
> Start Entorno de trabajo [org.eclipse.ui.workbench.texteditor 3.16.600.v20220809-1658]
2024-09-11 08:04:15.837 - Open [https://dbeaver.io/product/version.xml]
> Start Soporte de Core Compare [org.eclipse.compare.core 3.7.100.v20220812-1406]
> Start Consola [org.eclipse.ui.console 3.11.400.v20221012-0524]
Warning: NLS unused message: InputStreamMonitor_label in: org.eclipse.debug.internal.core.DebugCoreMessages
Warning: NLS unused message: OutputStreamMonitor_label in: org.eclipse.debug.internal.core.DebugCoreMessages
> Start Núcleo de depuración [org.eclipse.debug.core 3.20.0.v20220811-0741]
2024-09-11 08:04:52.369 - Connect with 'ItekniaDB 1' (microsoft-191bd7ecfad-613effad898b5592)
> Start DBeaver SQL Server Support [org.jkiss.dbeaver.ext.mssql 1.0.197.202304091457]
2024-09-11 08:04:52.412 - Execution context opened (ItekniaDB 1; Main; 0)
2024-09-11 08:04:52.670 - Execution context opened (ItekniaDB 1; Metadata; 1)
2024-09-11 08:04:53.408 - Connected (microsoft-191bd7ecfad-613effad898b5592, Microsoft JDBC Driver 9.2 for SQL Server [9.2.0.0])
2024-09-11 08:04:53.446 - Execution context opened (ItekniaDB 1; SQLEditor <000 EXCEPCIONES ITEKNIA.sql>; 2)
2024-09-11 08:05:09.028 - Execution context opened (ItekniaDB 1; SQLEditor <047 CONSTANCIA DE VACACIONES.sql>; 3)
> Start DBeaver Generic Plug-in [org.jkiss.dbeaver.ext.generic 2.3.189.202304091457]
> Start DBeaver SQL Server UI Support [org.jkiss.dbeaver.ext.mssql.ui 1.0.102.202304091457]
> Start ICU4J Base [com.ibm.icu.base 58.2.0.v20170418-1837]
2024-09-11 09:11:51.769 - La consulta se ha cancelado.
com.microsoft.sqlserver.jdbc.SQLServerException: La consulta se ha cancelado.
	at com.microsoft.sqlserver.jdbc.TDSCommand.checkForInterrupt(IOBuffer.java:7606)
	at com.microsoft.sqlserver.jdbc.TDSParser.parse(tdsparser.java:95)
	at com.microsoft.sqlserver.jdbc.TDSParser.parse(tdsparser.java:37)
	at com.microsoft.sqlserver.jdbc.SQLServerResultSet.<init>(SQLServerResultSet.java:392)
	at com.microsoft.sqlserver.jdbc.SQLServerStatement.getNextResult(SQLServerStatement.java:1642)
	at com.microsoft.sqlserver.jdbc.SQLServerPreparedStatement.doExecutePreparedStatement(SQLServerPreparedStatement.java:602)
	at com.microsoft.sqlserver.jdbc.SQLServerPreparedStatement$PrepStmtExecCmd.doExecute(SQLServerPreparedStatement.java:524)
	at com.microsoft.sqlserver.jdbc.TDSCommand.execute(IOBuffer.java:7418)
	at com.microsoft.sqlserver.jdbc.SQLServerConnection.executeCommand(SQLServerConnection.java:3274)
	at com.microsoft.sqlserver.jdbc.SQLServerStatement.executeCommand(SQLServerStatement.java:247)
	at com.microsoft.sqlserver.jdbc.SQLServerStatement.executeStatement(SQLServerStatement.java:222)
	at com.microsoft.sqlserver.jdbc.SQLServerPreparedStatement.execute(SQLServerPreparedStatement.java:505)
	at org.jkiss.dbeaver.model.impl.jdbc.exec.JDBCPreparedStatementImpl.execute(JDBCPreparedStatementImpl.java:261)
	at org.jkiss.dbeaver.model.impl.jdbc.exec.JDBCPreparedStatementImpl.executeStatement(JDBCPreparedStatementImpl.java:205)
	at org.jkiss.dbeaver.model.impl.jdbc.cache.JDBCStructCache.loadChildren(JDBCStructCache.java:98)
	at org.jkiss.dbeaver.model.impl.jdbc.cache.JDBCStructCache.getChildren(JDBCStructCache.java:221)
	at org.jkiss.dbeaver.ext.mssql.model.SQLServerSchema.cacheStructure(SQLServerSchema.java:288)
	at org.jkiss.dbeaver.erd.model.ERDUtils.lambda$0(ERDUtils.java:159)
	at org.jkiss.dbeaver.model.exec.DBExecUtils.tryExecuteRecover(DBExecUtils.java:189)
	at org.jkiss.dbeaver.erd.model.ERDUtils.collectDatabaseTables(ERDUtils.java:157)
	at org.jkiss.dbeaver.erd.ui.editor.ERDEditorEmbedded.loadFromDatabase(ERDEditorEmbedded.java:227)
	at org.jkiss.dbeaver.erd.ui.editor.ERDEditorEmbedded$1.evaluate(ERDEditorEmbedded.java:172)
	at org.jkiss.dbeaver.erd.ui.editor.ERDEditorEmbedded$1.evaluate(ERDEditorEmbedded.java:1)
	at org.jkiss.dbeaver.ui.LoadingJob.run(LoadingJob.java:88)
	at org.jkiss.dbeaver.ui.LoadingJob.run(LoadingJob.java:72)
	at org.jkiss.dbeaver.model.runtime.AbstractJob.run(AbstractJob.java:105)
	at org.eclipse.core.internal.jobs.Worker.run(Worker.java:63)
2024-09-11 09:11:51.986 - Event loop exception
java.lang.NullPointerException: Cannot invoke "org.jkiss.dbeaver.ui.controls.folders.ITabbedFolderContainer.switchFolder(String)" because "this.activeEditor" is null
	at org.jkiss.dbeaver.ui.editors.entity.EntityEditor.lambda$6(EntityEditor.java:640)
	at org.eclipse.swt.widgets.RunnableLock.run(RunnableLock.java:40)
	at org.eclipse.swt.widgets.Synchronizer.runAsyncMessages(Synchronizer.java:132)
	at org.eclipse.swt.widgets.Display.runAsyncMessages(Display.java:5040)
	at org.eclipse.swt.widgets.Display.readAndDispatch(Display.java:4520)
	at org.eclipse.e4.ui.internal.workbench.swt.PartRenderingEngine$5.run(PartRenderingEngine.java:1155)
	at org.eclipse.core.databinding.observable.Realm.runWithDefault(Realm.java:338)
	at org.eclipse.e4.ui.internal.workbench.swt.PartRenderingEngine.run(PartRenderingEngine.java:1046)
	at org.eclipse.e4.ui.internal.workbench.E4Workbench.createAndRunUI(E4Workbench.java:155)
	at org.eclipse.ui.internal.Workbench.lambda$3(Workbench.java:643)
	at org.eclipse.core.databinding.observable.Realm.runWithDefault(Realm.java:338)
	at org.eclipse.ui.internal.Workbench.createAndRunWorkbench(Workbench.java:550)
	at org.eclipse.ui.PlatformUI.createAndRunWorkbench(PlatformUI.java:171)
	at org.jkiss.dbeaver.ui.app.standalone.DBeaverApplication.start(DBeaverApplication.java:297)
	at org.eclipse.equinox.internal.app.EclipseAppHandle.run(EclipseAppHandle.java:203)
	at org.eclipse.core.runtime.internal.adaptor.EclipseAppLauncher.runApplication(EclipseAppLauncher.java:136)
	at org.eclipse.core.runtime.internal.adaptor.EclipseAppLauncher.start(EclipseAppLauncher.java:104)
	at org.eclipse.core.runtime.adaptor.EclipseStarter.run(EclipseStarter.java:402)
	at org.eclipse.core.runtime.adaptor.EclipseStarter.run(EclipseStarter.java:255)
	at java.base/jdk.internal.reflect.NativeMethodAccessorImpl.invoke0(Native Method)
	at java.base/jdk.internal.reflect.NativeMethodAccessorImpl.invoke(Unknown Source)
	at java.base/jdk.internal.reflect.DelegatingMethodAccessorImpl.invoke(Unknown Source)
	at java.base/java.lang.reflect.Method.invoke(Unknown Source)
	at org.eclipse.equinox.launcher.Main.invokeFramework(Main.java:659)
	at org.eclipse.equinox.launcher.Main.basicRun(Main.java:596)
	at org.eclipse.equinox.launcher.Main.run(Main.java:1467)
	at org.eclipse.equinox.launcher.Main.main(Main.java:1440)
2024-09-11 11:00:06.259 - Execution context closed (ItekniaDB 1, 2)
2024-09-11 11:00:25.850 - Connect with 'nmITEKNIA_2016' (microsoft-18eed0a4396-2176044d5ff20ab3)
2024-09-11 11:00:25.851 - Execution context opened (nmITEKNIA_2016; Main; 4)
sept 11, 2024 11:00:25 A. M. com.microsoft.sqlserver.jdbc.TDSChannel enableSSL
ADVERTENCIA: TLSv1 was negotiated. Please update server and client to use TLSv1.2 at minimum.
2024-09-11 11:00:25.945 - Execution context opened (nmITEKNIA_2016; Metadata; 5)
sept 11, 2024 11:00:25 A. M. com.microsoft.sqlserver.jdbc.TDSChannel enableSSL
ADVERTENCIA: TLSv1 was negotiated. Please update server and client to use TLSv1.2 at minimum.
2024-09-11 11:00:26.098 - Connected (microsoft-18eed0a4396-2176044d5ff20ab3, Microsoft JDBC Driver 9.2 for SQL Server [9.2.0.0])
2024-09-11 11:00:26.177 - Execution context opened (nmITEKNIA_2016; SQLEditor <Constancia de Vacaciones.sql>; 6)
sept 11, 2024 11:00:26 A. M. com.microsoft.sqlserver.jdbc.TDSChannel enableSSL
ADVERTENCIA: TLSv1 was negotiated. Please update server and client to use TLSv1.2 at minimum.
2024-09-11 11:00:39.720 - SQL Warning (DataSource: nmITEKNIA_2016; Code: 0; State: null): TLSv1 was negotiated. Please update server and client to use TLSv1.2 at minimum.
2024-09-11 11:06:20.737 - org.jkiss.dbeaver.model.sql.DBSQLException: SQL Error [102] [S0001]: Sintaxis incorrecta cerca de ')'.
	at org.jkiss.dbeaver.model.impl.jdbc.exec.JDBCStatementImpl.executeStatement(JDBCStatementImpl.java:133)
	at org.jkiss.dbeaver.ui.editors.sql.execute.SQLQueryJob.executeStatement(SQLQueryJob.java:582)
	at org.jkiss.dbeaver.ui.editors.sql.execute.SQLQueryJob.lambda$1(SQLQueryJob.java:491)
	at org.jkiss.dbeaver.model.exec.DBExecUtils.tryExecuteRecover(DBExecUtils.java:189)
	at org.jkiss.dbeaver.ui.editors.sql.execute.SQLQueryJob.executeSingleQuery(SQLQueryJob.java:498)
	at org.jkiss.dbeaver.ui.editors.sql.execute.SQLQueryJob.run(SQLQueryJob.java:238)
	at org.jkiss.dbeaver.model.runtime.AbstractJob.run(AbstractJob.java:105)
	at org.eclipse.core.internal.jobs.Worker.run(Worker.java:63)
Caused by: com.microsoft.sqlserver.jdbc.SQLServerException: Sintaxis incorrecta cerca de ')'.
	at com.microsoft.sqlserver.jdbc.SQLServerException.makeFromDatabaseError(SQLServerException.java:262)
	at com.microsoft.sqlserver.jdbc.SQLServerStatement.getNextResult(SQLServerStatement.java:1632)
	at com.microsoft.sqlserver.jdbc.SQLServerStatement.doExecuteStatement(SQLServerStatement.java:872)
	at com.microsoft.sqlserver.jdbc.SQLServerStatement$StmtExecCmd.doExecute(SQLServerStatement.java:767)
	at com.microsoft.sqlserver.jdbc.TDSCommand.execute(IOBuffer.java:7418)
	at com.microsoft.sqlserver.jdbc.SQLServerConnection.executeCommand(SQLServerConnection.java:3274)
	at com.microsoft.sqlserver.jdbc.SQLServerStatement.executeCommand(SQLServerStatement.java:247)
	at com.microsoft.sqlserver.jdbc.SQLServerStatement.executeStatement(SQLServerStatement.java:222)
	at com.microsoft.sqlserver.jdbc.SQLServerStatement.execute(SQLServerStatement.java:743)
	at org.jkiss.dbeaver.model.impl.jdbc.exec.JDBCStatementImpl.execute(JDBCStatementImpl.java:329)
	at org.jkiss.dbeaver.model.impl.jdbc.exec.JDBCStatementImpl.lambda$0(JDBCStatementImpl.java:131)
	at org.jkiss.dbeaver.utils.SecurityManagerUtils.wrapDriverActions(SecurityManagerUtils.java:96)
	at org.jkiss.dbeaver.model.impl.jdbc.exec.JDBCStatementImpl.executeStatement(JDBCStatementImpl.java:131)
	... 7 more
2024-09-11 11:07:01.690 - Can't get column 'is_hidden': El nombre de columna is_hidden no es válido.
2024-09-11 11:07:16.393 - org.jkiss.dbeaver.model.sql.DBSQLException: SQL Error [102] [S0001]: Sintaxis incorrecta cerca de 'NOM10007'.
	at org.jkiss.dbeaver.model.impl.jdbc.exec.JDBCStatementImpl.executeStatement(JDBCStatementImpl.java:133)
	at org.jkiss.dbeaver.ui.editors.sql.execute.SQLQueryJob.executeStatement(SQLQueryJob.java:582)
	at org.jkiss.dbeaver.ui.editors.sql.execute.SQLQueryJob.lambda$1(SQLQueryJob.java:491)
	at org.jkiss.dbeaver.model.exec.DBExecUtils.tryExecuteRecover(DBExecUtils.java:189)
	at org.jkiss.dbeaver.ui.editors.sql.execute.SQLQueryJob.executeSingleQuery(SQLQueryJob.java:498)
	at org.jkiss.dbeaver.ui.editors.sql.execute.SQLQueryJob.run(SQLQueryJob.java:238)
	at org.jkiss.dbeaver.model.runtime.AbstractJob.run(AbstractJob.java:105)
	at org.eclipse.core.internal.jobs.Worker.run(Worker.java:63)
Caused by: com.microsoft.sqlserver.jdbc.SQLServerException: Sintaxis incorrecta cerca de 'NOM10007'.
	at com.microsoft.sqlserver.jdbc.SQLServerException.makeFromDatabaseError(SQLServerException.java:262)
	at com.microsoft.sqlserver.jdbc.SQLServerStatement.getNextResult(SQLServerStatement.java:1632)
	at com.microsoft.sqlserver.jdbc.SQLServerStatement.doExecuteStatement(SQLServerStatement.java:872)
	at com.microsoft.sqlserver.jdbc.SQLServerStatement$StmtExecCmd.doExecute(SQLServerStatement.java:767)
	at com.microsoft.sqlserver.jdbc.TDSCommand.execute(IOBuffer.java:7418)
	at com.microsoft.sqlserver.jdbc.SQLServerConnection.executeCommand(SQLServerConnection.java:3274)
	at com.microsoft.sqlserver.jdbc.SQLServerStatement.executeCommand(SQLServerStatement.java:247)
	at com.microsoft.sqlserver.jdbc.SQLServerStatement.executeStatement(SQLServerStatement.java:222)
	at com.microsoft.sqlserver.jdbc.SQLServerStatement.execute(SQLServerStatement.java:743)
	at org.jkiss.dbeaver.model.impl.jdbc.exec.JDBCStatementImpl.execute(JDBCStatementImpl.java:329)
	at org.jkiss.dbeaver.model.impl.jdbc.exec.JDBCStatementImpl.lambda$0(JDBCStatementImpl.java:131)
	at org.jkiss.dbeaver.utils.SecurityManagerUtils.wrapDriverActions(SecurityManagerUtils.java:96)
	at org.jkiss.dbeaver.model.impl.jdbc.exec.JDBCStatementImpl.executeStatement(JDBCStatementImpl.java:131)
	... 7 more
2024-09-11 12:21:07.003 - System suspend detected! Reinitialize all remote connections.
2024-09-11 19:22:32.557 - Execution context closed (ItekniaDB 1, 3)
2024-09-11 19:22:32.656 - Event loop exception
java.lang.NullPointerException: Cannot invoke "org.eclipse.swt.custom.StyledText.isFocusControl()" because the return value of "org.eclipse.jface.text.TextViewer.getTextWidget()" is null
	at org.jkiss.dbeaver.ui.editors.sql.SQLEditor$DynamicSelectionProvider.getProvider(SQLEditor.java:4434)
	at org.jkiss.dbeaver.ui.CompositeSelectionProvider.getSelection(CompositeSelectionProvider.java:63)
	at org.eclipse.ui.internal.services.WorkbenchSourceProvider.updateSelection(WorkbenchSourceProvider.java:129)
	at org.eclipse.ui.internal.services.WorkbenchSourceProvider.getCurrentState(WorkbenchSourceProvider.java:112)
	at org.eclipse.ui.internal.services.WorkbenchSourceProvider.lambda$2(WorkbenchSourceProvider.java:614)
	at org.eclipse.swt.widgets.EventTable.sendEvent(EventTable.java:89)
	at org.eclipse.swt.widgets.Display.filterEvent(Display.java:1953)
	at org.eclipse.swt.widgets.Widget.sendEvent(Widget.java:1528)
	at org.eclipse.swt.widgets.Widget.sendEvent(Widget.java:1555)
	at org.eclipse.swt.widgets.Widget.sendEvent(Widget.java:1534)
	at org.eclipse.swt.widgets.Shell.gtk_focus_in_event(Shell.java:1603)
	at org.eclipse.swt.widgets.Widget.windowProc(Widget.java:2505)
	at org.eclipse.swt.widgets.Control.windowProc(Control.java:6834)
	at org.eclipse.swt.widgets.Display.windowProc(Display.java:6163)
	at org.eclipse.swt.internal.gtk3.GTK3.gtk_main_do_event(Native Method)
	at org.eclipse.swt.widgets.Display.eventProc(Display.java:1597)
	at org.eclipse.swt.internal.gtk3.GTK3.gtk_main_iteration_do(Native Method)
	at org.eclipse.swt.widgets.Display.readAndDispatch(Display.java:4514)
	at org.jkiss.dbeaver.core.DesktopUI.readAndDispatchEvents(DesktopUI.java:680)
	at org.jkiss.dbeaver.utils.RuntimeUtils.runTask(RuntimeUtils.java:269)
	at org.jkiss.dbeaver.utils.RuntimeUtils.runTask(RuntimeUtils.java:231)
	at org.jkiss.dbeaver.ui.controls.resultset.ResultSetModel.releaseAllData(ResultSetModel.java:981)
	at org.jkiss.dbeaver.ui.controls.resultset.ResultSetViewer.clearData(ResultSetViewer.java:4214)
	at org.jkiss.dbeaver.ui.controls.resultset.ResultSetViewer.dispose(ResultSetViewer.java:1969)
	at org.jkiss.dbeaver.ui.controls.resultset.ResultSetViewer.lambda$7(ResultSetViewer.java:404)
	at org.eclipse.swt.widgets.TypedListener.handleEvent(TypedListener.java:127)
	at org.eclipse.swt.widgets.EventTable.sendEvent(EventTable.java:89)
	at org.eclipse.swt.widgets.Display.sendEvent(Display.java:5855)
	at org.eclipse.swt.widgets.Widget.sendEvent(Widget.java:1529)
	at org.eclipse.swt.widgets.Widget.sendEvent(Widget.java:1555)
	at org.eclipse.swt.widgets.Widget.sendEvent(Widget.java:1534)
	at org.eclipse.swt.widgets.Widget.release(Widget.java:1337)
	at org.eclipse.swt.widgets.Control.release(Control.java:4770)
	at org.eclipse.swt.widgets.Composite.releaseChildren(Composite.java:1550)
	at org.eclipse.swt.widgets.Widget.release(Widget.java:1344)
	at org.eclipse.swt.widgets.Control.release(Control.java:4770)
	at org.eclipse.swt.widgets.Widget.dispose(Widget.java:543)
	at org.jkiss.dbeaver.ui.UIUtils.lambda$8(UIUtils.java:1414)
	at org.eclipse.swt.widgets.TypedListener.handleEvent(TypedListener.java:127)
	at org.eclipse.swt.widgets.EventTable.sendEvent(EventTable.java:89)
	at org.eclipse.swt.widgets.Display.sendEvent(Display.java:5855)
	at org.eclipse.swt.widgets.Widget.sendEvent(Widget.java:1529)
	at org.eclipse.swt.widgets.Widget.sendEvent(Widget.java:1555)
	at org.eclipse.swt.widgets.Widget.sendEvent(Widget.java:1534)
	at org.eclipse.swt.widgets.Widget.release(Widget.java:1337)
	at org.eclipse.swt.widgets.Widget.dispose(Widget.java:543)
	at org.eclipse.swt.custom.CTabItem.dispose(CTabItem.java:133)
	at org.eclipse.swt.custom.CTabFolder.onDispose(CTabFolder.java:1675)
	at org.eclipse.swt.custom.CTabFolder.lambda$0(CTabFolder.java:325)
	at org.eclipse.swt.widgets.EventTable.sendEvent(EventTable.java:89)
	at org.eclipse.swt.widgets.Display.sendEvent(Display.java:5855)
	at org.eclipse.swt.widgets.Widget.sendEvent(Widget.java:1529)
	at org.eclipse.swt.widgets.Widget.sendEvent(Widget.java:1555)
	at org.eclipse.swt.widgets.Widget.sendEvent(Widget.java:1534)
	at org.eclipse.swt.widgets.Widget.release(Widget.java:1337)
	at org.eclipse.swt.widgets.Control.release(Control.java:4770)
	at org.eclipse.swt.widgets.Composite.releaseChildren(Composite.java:1550)
	at org.eclipse.swt.widgets.Widget.release(Widget.java:1344)
	at org.eclipse.swt.widgets.Control.release(Control.java:4770)
	at org.eclipse.swt.widgets.Composite.releaseChildren(Composite.java:1550)
	at org.eclipse.swt.widgets.Widget.release(Widget.java:1344)
	at org.eclipse.swt.widgets.Control.release(Control.java:4770)
	at org.eclipse.swt.widgets.Composite.releaseChildren(Composite.java:1550)
	at org.eclipse.swt.widgets.Widget.release(Widget.java:1344)
	at org.eclipse.swt.widgets.Control.release(Control.java:4770)
	at org.eclipse.swt.widgets.Widget.dispose(Widget.java:543)
	at org.eclipse.e4.ui.workbench.renderers.swt.SWTPartRenderer.disposeWidget(SWTPartRenderer.java:183)
	at org.eclipse.e4.ui.workbench.renderers.swt.ContributedPartRenderer.disposeWidget(ContributedPartRenderer.java:286)
	at org.eclipse.e4.ui.internal.workbench.swt.PartRenderingEngine.safeRemoveGui(PartRenderingEngine.java:938)
	at org.eclipse.e4.ui.internal.workbench.swt.PartRenderingEngine$4.run(PartRenderingEngine.java:861)
	at org.eclipse.core.runtime.SafeRunner.run(SafeRunner.java:45)
	at org.eclipse.e4.ui.internal.workbench.swt.PartRenderingEngine.removeGui(PartRenderingEngine.java:845)
	at org.eclipse.e4.ui.internal.workbench.swt.PartRenderingEngine.safeRemoveGui(PartRenderingEngine.java:900)
	at org.eclipse.e4.ui.internal.workbench.swt.PartRenderingEngine$4.run(PartRenderingEngine.java:861)
	at org.eclipse.core.runtime.SafeRunner.run(SafeRunner.java:45)
	at org.eclipse.e4.ui.internal.workbench.swt.PartRenderingEngine.removeGui(PartRenderingEngine.java:845)
	at org.eclipse.e4.ui.internal.workbench.swt.PartRenderingEngine.safeRemoveGui(PartRenderingEngine.java:900)
	at org.eclipse.e4.ui.internal.workbench.swt.PartRenderingEngine$4.run(PartRenderingEngine.java:861)
	at org.eclipse.core.runtime.SafeRunner.run(SafeRunner.java:45)
	at org.eclipse.e4.ui.internal.workbench.swt.PartRenderingEngine.removeGui(PartRenderingEngine.java:845)
	at org.eclipse.e4.ui.workbench.renderers.swt.ElementReferenceRenderer.disposeWidget(ElementReferenceRenderer.java:113)
	at org.eclipse.e4.ui.internal.workbench.swt.PartRenderingEngine.safeRemoveGui(PartRenderingEngine.java:938)
	at org.eclipse.e4.ui.internal.workbench.swt.PartRenderingEngine$4.run(PartRenderingEngine.java:861)
	at org.eclipse.core.runtime.SafeRunner.run(SafeRunner.java:45)
	at org.eclipse.e4.ui.internal.workbench.swt.PartRenderingEngine.removeGui(PartRenderingEngine.java:845)
	at org.eclipse.e4.ui.internal.workbench.swt.PartRenderingEngine.safeRemoveGui(PartRenderingEngine.java:900)
	at org.eclipse.e4.ui.internal.workbench.swt.PartRenderingEngine$4.run(PartRenderingEngine.java:861)
	at org.eclipse.core.runtime.SafeRunner.run(SafeRunner.java:45)
	at org.eclipse.e4.ui.internal.workbench.swt.PartRenderingEngine.removeGui(PartRenderingEngine.java:845)
	at org.eclipse.e4.ui.internal.workbench.swt.PartRenderingEngine.safeRemoveGui(PartRenderingEngine.java:900)
	at org.eclipse.e4.ui.internal.workbench.swt.PartRenderingEngine$4.run(PartRenderingEngine.java:861)
	at org.eclipse.core.runtime.SafeRunner.run(SafeRunner.java:45)
	at org.eclipse.e4.ui.internal.workbench.swt.PartRenderingEngine.removeGui(PartRenderingEngine.java:845)
	at org.eclipse.e4.ui.internal.workbench.swt.PartRenderingEngine.safeRemoveGui(PartRenderingEngine.java:900)
	at org.eclipse.e4.ui.internal.workbench.swt.PartRenderingEngine$4.run(PartRenderingEngine.java:861)
	at org.eclipse.core.runtime.SafeRunner.run(SafeRunner.java:45)
	at org.eclipse.e4.ui.internal.workbench.swt.PartRenderingEngine.removeGui(PartRenderingEngine.java:845)
	at org.eclipse.e4.ui.internal.workbench.swt.PartRenderingEngine.safeRemoveGui(PartRenderingEngine.java:900)
	at org.eclipse.e4.ui.internal.workbench.swt.PartRenderingEngine$4.run(PartRenderingEngine.java:861)
	at org.eclipse.core.runtime.SafeRunner.run(SafeRunner.java:45)
	at org.eclipse.e4.ui.internal.workbench.swt.PartRenderingEngine.removeGui(PartRenderingEngine.java:845)
	at org.eclipse.e4.ui.internal.workbench.swt.PartRenderingEngine.safeRemoveGui(PartRenderingEngine.java:900)
	at org.eclipse.e4.ui.internal.workbench.swt.PartRenderingEngine$4.run(PartRenderingEngine.java:861)
	at org.eclipse.core.runtime.SafeRunner.run(SafeRunner.java:45)
	at org.eclipse.e4.ui.internal.workbench.swt.PartRenderingEngine.removeGui(PartRenderingEngine.java:845)
	at org.eclipse.e4.ui.internal.workbench.swt.PartRenderingEngine.safeRemoveGui(PartRenderingEngine.java:900)
	at org.eclipse.e4.ui.internal.workbench.swt.PartRenderingEngine$4.run(PartRenderingEngine.java:861)
	at org.eclipse.core.runtime.SafeRunner.run(SafeRunner.java:45)
	at org.eclipse.e4.ui.internal.workbench.swt.PartRenderingEngine.removeGui(PartRenderingEngine.java:845)
	at org.eclipse.e4.ui.internal.workbench.swt.PartRenderingEngine.safeRemoveGui(PartRenderingEngine.java:900)
	at org.eclipse.e4.ui.internal.workbench.swt.PartRenderingEngine$4.run(PartRenderingEngine.java:861)
	at org.eclipse.core.runtime.SafeRunner.run(SafeRunner.java:45)
	at org.eclipse.e4.ui.internal.workbench.swt.PartRenderingEngine.removeGui(PartRenderingEngine.java:845)
	at org.eclipse.ui.internal.WorkbenchWindow.hardClose(WorkbenchWindow.java:2088)
	at org.eclipse.ui.internal.WorkbenchWindow.busyClose(WorkbenchWindow.java:1720)
	at org.eclipse.ui.internal.WorkbenchWindow.lambda$5(WorkbenchWindow.java:1744)
	at org.eclipse.swt.custom.BusyIndicator.showWhile(BusyIndicator.java:74)
	at org.eclipse.ui.internal.WorkbenchWindow.close(WorkbenchWindow.java:1744)
	at org.eclipse.ui.internal.Workbench$11.run(Workbench.java:1107)
	at org.eclipse.core.runtime.SafeRunner.run(SafeRunner.java:45)
	at org.eclipse.ui.internal.Workbench.busyClose(Workbench.java:1090)
	at org.eclipse.ui.internal.Workbench.lambda$4(Workbench.java:1391)
	at org.eclipse.swt.custom.BusyIndicator.showWhile(BusyIndicator.java:74)
	at org.eclipse.ui.internal.Workbench.close(Workbench.java:1391)
	at org.eclipse.ui.internal.Workbench.close(Workbench.java:1367)
	at org.eclipse.ui.internal.WorkbenchWindow.busyClose(WorkbenchWindow.java:1717)
	at org.eclipse.ui.internal.WorkbenchWindow.lambda$5(WorkbenchWindow.java:1744)
	at org.eclipse.swt.custom.BusyIndicator.showWhile(BusyIndicator.java:74)
	at org.eclipse.ui.internal.WorkbenchWindow.close(WorkbenchWindow.java:1744)
	at org.eclipse.ui.internal.WorkbenchWindow.close(WorkbenchWindow.java:1753)
	at org.eclipse.ui.internal.WorkbenchWindow.lambda$2(WorkbenchWindow.java:504)
	at org.eclipse.e4.ui.workbench.renderers.swt.WBWRenderer.lambda$4(WBWRenderer.java:570)
	at org.eclipse.swt.events.ShellListener$2.shellClosed(ShellListener.java:102)
	at org.eclipse.swt.widgets.TypedListener.handleEvent(TypedListener.java:102)
	at org.eclipse.swt.widgets.EventTable.sendEvent(EventTable.java:89)
	at org.eclipse.swt.widgets.Display.sendEvent(Display.java:5855)
	at org.eclipse.swt.widgets.Widget.sendEvent(Widget.java:1529)
	at org.eclipse.swt.widgets.Widget.sendEvent(Widget.java:1555)
	at org.eclipse.swt.widgets.Widget.sendEvent(Widget.java:1538)
	at org.eclipse.swt.widgets.Shell.closeWidget(Shell.java:693)
	at org.eclipse.swt.widgets.Shell.gtk_delete_event(Shell.java:1537)
	at org.eclipse.swt.widgets.Widget.windowProc(Widget.java:2495)
	at org.eclipse.swt.widgets.Control.windowProc(Control.java:6834)
	at org.eclipse.swt.widgets.Display.windowProc(Display.java:6163)
	at org.eclipse.swt.internal.gtk3.GTK3.gtk_main_do_event(Native Method)
	at org.eclipse.swt.widgets.Display.eventProc(Display.java:1597)
	at org.eclipse.swt.internal.gtk3.GTK3.gtk_main_iteration_do(Native Method)
	at org.eclipse.swt.widgets.Display.readAndDispatch(Display.java:4514)
	at org.eclipse.e4.ui.internal.workbench.swt.PartRenderingEngine$5.run(PartRenderingEngine.java:1155)
	at org.eclipse.core.databinding.observable.Realm.runWithDefault(Realm.java:338)
	at org.eclipse.e4.ui.internal.workbench.swt.PartRenderingEngine.run(PartRenderingEngine.java:1046)
	at org.eclipse.e4.ui.internal.workbench.E4Workbench.createAndRunUI(E4Workbench.java:155)
	at org.eclipse.ui.internal.Workbench.lambda$3(Workbench.java:643)
	at org.eclipse.core.databinding.observable.Realm.runWithDefault(Realm.java:338)
	at org.eclipse.ui.internal.Workbench.createAndRunWorkbench(Workbench.java:550)
	at org.eclipse.ui.PlatformUI.createAndRunWorkbench(PlatformUI.java:171)
	at org.jkiss.dbeaver.ui.app.standalone.DBeaverApplication.start(DBeaverApplication.java:297)
	at org.eclipse.equinox.internal.app.EclipseAppHandle.run(EclipseAppHandle.java:203)
	at org.eclipse.core.runtime.internal.adaptor.EclipseAppLauncher.runApplication(EclipseAppLauncher.java:136)
	at org.eclipse.core.runtime.internal.adaptor.EclipseAppLauncher.start(EclipseAppLauncher.java:104)
	at org.eclipse.core.runtime.adaptor.EclipseStarter.run(EclipseStarter.java:402)
	at org.eclipse.core.runtime.adaptor.EclipseStarter.run(EclipseStarter.java:255)
	at java.base/jdk.internal.reflect.NativeMethodAccessorImpl.invoke0(Native Method)
	at java.base/jdk.internal.reflect.NativeMethodAccessorImpl.invoke(Unknown Source)
	at java.base/jdk.internal.reflect.DelegatingMethodAccessorImpl.invoke(Unknown Source)
	at java.base/java.lang.reflect.Method.invoke(Unknown Source)
	at org.eclipse.equinox.launcher.Main.invokeFramework(Main.java:659)
	at org.eclipse.equinox.launcher.Main.basicRun(Main.java:596)
	at org.eclipse.equinox.launcher.Main.run(Main.java:1467)
	at org.eclipse.equinox.launcher.Main.main(Main.java:1440)
2024-09-11 19:22:32.799 - Execution context closed (nmITEKNIA_2016, 6)
2024-09-11 19:22:33.133 - DBeaver is stopping
2024-09-11 19:22:33.135 - Stop RMI server
2024-09-11 19:22:33.136 - RMI controller has been stopped
2024-09-11 19:22:33.136 - DBeaver shutdown completed
