2024-09-25 07:53:57.173 - DBeaver 23.0.2.202304091457 is starting
2024-09-25 07:53:57.181 - OS: Linux 6.8.0-40-generic (amd64)
2024-09-25 07:53:57.181 - Java version: 17.0.6 by Eclipse Adoptium (64bit)
2024-09-25 07:53:57.182 - Install path: '/usr/share/dbeaver-ce'
2024-09-25 07:53:57.182 - Instance path: 'file:/home/iteknia/Documents/ARCHIVOS/al_maletin/PROJET/ITEKNIA/MULIIX/'
2024-09-25 07:53:57.184 - Memory available 64Mb/1024Mb
2024-09-25 07:53:57.211 - Create display
2024-09-25 07:53:57.506 - Initializing DBeaver 23.0.2
2024-09-25 07:53:57.508 - Host plugin: org.jkiss.dbeaver.ui.app.standalone 23.0.2.202304091457
2024-09-25 07:53:57.508 - Initialize desktop platform...
2024-09-25 07:53:57.788 - BounceCastle bundle found. Use JCE provider BC
> Start Core File Systems [org.eclipse.core.filesystem 1.9.500.v20220817-1539]
> Start Core Resource Management [org.eclipse.core.resources 3.18.100.v20221025-2047]
> Start Núcleo del equipo de soporte [org.eclipse.team.core 3.9.600.v20220902-2219]
> Start DBeaver UI Navigator [org.jkiss.dbeaver.ui.navigator 1.0.103.202304091457]
2024-09-25 07:53:58.182 - Initialize base platform...
> Start Expression Language [org.eclipse.core.expressions 3.8.200.v20220613-1047]
2024-09-25 07:53:58.232 - Platform initialized (724ms)
> Start DBeaver UI Editors - Base [org.jkiss.dbeaver.ui.editors.base 1.0.103.202304091457]
2024-09-25 07:53:58.252 - Starting RMI server at 54603
2024-09-25 07:53:58.319 - Run workbench
> Start DBeaver UI [org.jkiss.dbeaver.ui 5.1.118.202304091457]
> Start Eclipse e4 Workbench SWT [org.eclipse.e4.ui.workbench.swt 0.16.700.v20221024-2137]
> Start Eclipse Application Services [org.eclipse.e4.core.services 2.3.400.v20220915-1347]
> Start Eclipse UI Application Services [org.eclipse.e4.ui.services 1.5.100.v20221024-2137]
> Start Eclipse e4 Progress View [org.eclipse.e4.ui.progress 0.3.600.v20221024-2137]
> Start EMF XML/XMI Persistence [org.eclipse.emf.ecore.xmi 2.17.0.v20220817-1334]
> Start Eclipse CSS SWT Theme Support [org.eclipse.e4.ui.css.swt.theme 0.13.200.v20221024-2137]
> Start Eclipse e4 Workbench Add-ons [org.eclipse.e4.ui.workbench.addons.swt 1.4.500.v20221028-0801]
> Start Eclipse e4 Workbench SWT Renderer [org.eclipse.e4.ui.workbench.renderers.swt 0.15.700.v20221024-2137]
> Start Eclipse Bindings Support [org.eclipse.e4.ui.bindings 0.13.200.v20221024-2137]
> Start Eclipse Dependency Injection Extensions [org.eclipse.e4.core.di.extensions 0.17.200.v20220613-1008]
> Start Eclipse CSS SWT Support [org.eclipse.e4.ui.css.swt 0.14.700.v20221102-0748]
Warning: NLS unused message: BlockedJobsDialog_UserInterfaceTreeElement in: org.eclipse.ui.internal.progress.messages
2024-09-25 07:54:00.826 - Configure workbench window
> Start Núcleo del sistema de ayuda [org.eclipse.help 3.9.100.v20210721-0601]
2024-09-25 07:54:00.965 - Create actions
2024-09-25 07:54:00.974 - Disable Eclipse action set 'org.eclipse.ui.edit.text.actionSet.annotationNavigation'
2024-09-25 07:54:00.975 - Disable Eclipse action set 'org.eclipse.ui.WorkingSetActionSet'
2024-09-25 07:54:00.975 - Disable Eclipse action set 'org.eclipse.ui.actionSet.openFiles'
Warning: NLS unused message: controls_client_homes_panel_button_add_home in: org.jkiss.dbeaver.core.CoreResources
Warning: NLS unused message: controls_client_homes_panel_button_remove_home in: org.jkiss.dbeaver.core.CoreResources
Warning: NLS unused message: controls_client_homes_panel_confirm_remove_home_text in: org.jkiss.dbeaver.core.CoreResources
Warning: NLS unused message: controls_client_homes_panel_confirm_remove_home_title in: org.jkiss.dbeaver.core.CoreResources
Warning: NLS unused message: controls_client_homes_panel_dialog_title in: org.jkiss.dbeaver.core.CoreResources
Warning: NLS unused message: controls_client_homes_panel_group_information in: org.jkiss.dbeaver.core.CoreResources
Warning: NLS unused message: controls_client_homes_panel_label_id in: org.jkiss.dbeaver.core.CoreResources
Warning: NLS unused message: controls_client_homes_panel_label_name in: org.jkiss.dbeaver.core.CoreResources
Warning: NLS unused message: controls_client_homes_panel_label_path in: org.jkiss.dbeaver.core.CoreResources
Warning: NLS unused message: controls_client_homes_panel_label_product_name in: org.jkiss.dbeaver.core.CoreResources
Warning: NLS unused message: controls_client_homes_panel_label_product_version in: org.jkiss.dbeaver.core.CoreResources
Warning: NLS unused message: actions_menu_reset_workspace_state_message in: org.jkiss.dbeaver.ui.app.standalone.internal.CoreApplicationMessages
Warning: NLS unused message: actions_menu_reset_workspace_state_title in: org.jkiss.dbeaver.ui.app.standalone.internal.CoreApplicationMessages
2024-09-25 07:54:01.878 - Initialize workbench window
2024-09-25 07:54:01.892 - Finish initialization
> Start Editor de texto predeterminado [org.eclipse.ui.editors 3.14.400.v20220730-1844]
> Start Entorno de trabajo [org.eclipse.ui.workbench.texteditor 3.16.600.v20220809-1658]
> Start DBeaver UI Editors - Data [org.jkiss.dbeaver.ui.editors.data 1.0.103.202304091457]
> Start DBeaver SQL Model [org.jkiss.dbeaver.model.sql 1.0.93.202304091457]
> Start DBeaver UI Editors - SQL [org.jkiss.dbeaver.ui.editors.sql 1.0.103.202304091457]
> Start Soporte de Core Compare [org.eclipse.compare.core 3.7.100.v20220812-1406]
> Start Equinox Java Authentication and Authorization Service (JAAS) [org.eclipse.equinox.security 1.3.1000.v20220801-1135]
> Start Java Native Access [com.sun.jna 5.12.1.v20221103-2317]
> Start Interfaz de usuario de manejo de conexión a Internet [org.eclipse.ui.net 1.4.100.v20220812-1406]
> Start Internet Connection Management [org.eclipse.core.net 1.4.0.v20220813-1037]
> Start DBeaver Sample Database [org.jkiss.dbeaver.ext.sample.database 1.0.140.202304091457]
> Start DBeaver Tip of the day [org.jkiss.dbeaver.ext.ui.tipoftheday 1.0.109.202304091457]
> Start Draw2d [org.eclipse.draw2dl 3.12.100.20230406122456]
> Start GEF3 GEF (MVC) [org.eclipse.gef3 3.12.100.20230406122456]
> Start DBeaver ERD UI [org.jkiss.dbeaver.erd.ui 3.0.63.202304091457]
> Start DBeaver ERD Model [org.jkiss.dbeaver.erd.model 1.0.63.202304091457]
2024-09-25 07:54:04.639 - Total database drivers: 101 (101)
> Start Consola [org.eclipse.ui.console 3.11.400.v20221012-0524]
Warning: NLS unused message: InputStreamMonitor_label in: org.eclipse.debug.internal.core.DebugCoreMessages
Warning: NLS unused message: OutputStreamMonitor_label in: org.eclipse.debug.internal.core.DebugCoreMessages
> Start Núcleo de depuración [org.eclipse.debug.core 3.20.0.v20220811-0741]
2024-09-25 07:54:06.794 - Open [https://dbeaver.io/product/version.xml]
> Start DBeaver UI Editors - Connections [org.jkiss.dbeaver.ui.editors.connection 1.0.94.202304091457]
> Start DBeaver SQL Server UI Support [org.jkiss.dbeaver.ext.mssql.ui 1.0.102.202304091457]
> Start DBeaver SQL Server Support [org.jkiss.dbeaver.ext.mssql 1.0.197.202304091457]
2024-09-25 08:26:22.238 - Service 'org.jkiss.dbeaver.runtime.ui.UIServiceSecurity' not found
2024-09-25 08:26:43.487 - Service 'org.jkiss.dbeaver.runtime.ui.UIServiceSecurity' not found
2024-09-25 08:28:38.982 - Connect with 'jdbc:sqlserver://;serverName=itekniaapp.serveftp.com;port=1431;databaseName=master' (microsoft-192299589b2-696fa243cff42c8a)
2024-09-25 08:28:39.015 - Execution context opened (jdbc:sqlserver://;serverName=itekniaapp.serveftp.com;port=1431;databaseName=master; Main; 0)
2024-09-25 08:28:39.573 - Connected (microsoft-192299589b2-696fa243cff42c8a, Microsoft JDBC Driver 9.2 for SQL Server [9.2.0.0])
2024-09-25 08:28:39.629 - Execution context closed (jdbc:sqlserver://;serverName=itekniaapp.serveftp.com;port=1431;databaseName=master, 0)
2024-09-25 08:28:39.629 - Disconnected (microsoft-192299589b2-696fa243cff42c8a)
2024-09-25 08:30:07.842 - Connect with 'jdbc:sqlserver://;serverName=itekniaapp.serveftp.com;port=1431;databaseName=Comercializadora' (microsoft-1922996e4db-50867a3f1e7ddee1)
2024-09-25 08:30:07.845 - Execution context opened (jdbc:sqlserver://;serverName=itekniaapp.serveftp.com;port=1431;databaseName=Comercializadora; Main; 1)
2024-09-25 08:30:08.000 - Cannot open database "Comercializadora" requested by the login. The login failed. ClientConnectionId:5b62ba02-000a-418a-80e0-ffd4e14998a5
com.microsoft.sqlserver.jdbc.SQLServerException: Cannot open database "Comercializadora" requested by the login. The login failed. ClientConnectionId:5b62ba02-000a-418a-80e0-ffd4e14998a5
	at com.microsoft.sqlserver.jdbc.SQLServerException.makeFromDatabaseError(SQLServerException.java:262)
	at com.microsoft.sqlserver.jdbc.TDSTokenHandler.onEOF(tdsparser.java:283)
	at com.microsoft.sqlserver.jdbc.TDSParser.parse(tdsparser.java:129)
	at com.microsoft.sqlserver.jdbc.TDSParser.parse(tdsparser.java:37)
	at com.microsoft.sqlserver.jdbc.SQLServerConnection.sendLogon(SQLServerConnection.java:5332)
	at com.microsoft.sqlserver.jdbc.SQLServerConnection.logon(SQLServerConnection.java:4068)
	at com.microsoft.sqlserver.jdbc.SQLServerConnection.access$000(SQLServerConnection.java:85)
	at com.microsoft.sqlserver.jdbc.SQLServerConnection$LogonCommand.doExecute(SQLServerConnection.java:4006)
	at com.microsoft.sqlserver.jdbc.TDSCommand.execute(IOBuffer.java:7418)
	at com.microsoft.sqlserver.jdbc.SQLServerConnection.executeCommand(SQLServerConnection.java:3274)
	at com.microsoft.sqlserver.jdbc.SQLServerConnection.connectHelper(SQLServerConnection.java:2768)
	at com.microsoft.sqlserver.jdbc.SQLServerConnection.login(SQLServerConnection.java:2418)
	at com.microsoft.sqlserver.jdbc.SQLServerConnection.connectInternal(SQLServerConnection.java:2265)
	at com.microsoft.sqlserver.jdbc.SQLServerConnection.connect(SQLServerConnection.java:1291)
	at com.microsoft.sqlserver.jdbc.SQLServerDriver.connect(SQLServerDriver.java:881)
	at org.jkiss.dbeaver.model.impl.jdbc.JDBCDataSource.lambda$1(JDBCDataSource.java:212)
	at org.jkiss.dbeaver.model.impl.jdbc.JDBCDataSource.lambda$0(JDBCDataSource.java:225)
	at org.jkiss.dbeaver.model.impl.jdbc.JDBCDataSource.openConnection(JDBCDataSource.java:244)
	at org.jkiss.dbeaver.model.impl.jdbc.JDBCExecutionContext.connect(JDBCExecutionContext.java:103)
	at org.jkiss.dbeaver.model.impl.jdbc.JDBCRemoteInstance.initializeMainContext(JDBCRemoteInstance.java:102)
	at org.jkiss.dbeaver.model.impl.jdbc.JDBCRemoteInstance.<init>(JDBCRemoteInstance.java:61)
	at org.jkiss.dbeaver.model.impl.jdbc.JDBCDataSource.initializeRemoteInstance(JDBCDataSource.java:130)
	at org.jkiss.dbeaver.model.impl.jdbc.JDBCDataSource.<init>(JDBCDataSource.java:108)
	at org.jkiss.dbeaver.model.impl.jdbc.JDBCDataSource.<init>(JDBCDataSource.java:99)
	at org.jkiss.dbeaver.ext.mssql.model.SQLServerDataSource.<init>(SQLServerDataSource.java:80)
	at org.jkiss.dbeaver.ext.mssql.SQLServerDataSourceProvider.openDataSource(SQLServerDataSourceProvider.java:137)
	at org.jkiss.dbeaver.registry.DataSourceDescriptor.openDataSource(DataSourceDescriptor.java:1191)
	at org.jkiss.dbeaver.registry.DataSourceDescriptor.connect(DataSourceDescriptor.java:1056)
	at org.jkiss.dbeaver.runtime.jobs.ConnectJob.run(ConnectJob.java:70)
	at org.jkiss.dbeaver.runtime.jobs.ConnectionTestJob.run(ConnectionTestJob.java:103)
	at org.jkiss.dbeaver.model.runtime.AbstractJob.run(AbstractJob.java:105)
	at org.eclipse.core.internal.jobs.Worker.run(Worker.java:63)
2024-09-25 08:30:25.751 - Service 'org.jkiss.dbeaver.runtime.ui.UIServiceSecurity' not found
2024-09-25 08:31:08.889 - Connect with 'Comercializadora' (microsoft-1922993c65b-6adb2d61b9488cd5)
2024-09-25 08:31:08.890 - Execution context opened (Comercializadora; Main; 2)
2024-09-25 08:31:08.986 - Execution context opened (Comercializadora; Metadata; 3)
2024-09-25 08:31:09.094 - Connected (microsoft-1922993c65b-6adb2d61b9488cd5, Microsoft JDBC Driver 9.2 for SQL Server [9.2.0.0])
2024-09-25 08:31:15.948 - Execution context opened (Comercializadora; SQLEditor <Script-2.sql>; 4)
2024-09-25 08:32:36.097 - Execution context closed (Comercializadora, 2)
2024-09-25 08:32:36.148 - Execution context closed (Comercializadora, 3)
2024-09-25 08:32:36.198 - Execution context closed (Comercializadora, 4)
2024-09-25 08:32:36.198 - Disconnected (microsoft-1922993c65b-6adb2d61b9488cd5)
2024-09-25 08:32:39.542 - Service 'org.jkiss.dbeaver.runtime.ui.UIServiceSecurity' not found
2024-09-25 08:32:49.935 - Connect with 'jdbc:sqlserver://;serverName=itekniaapp.serveftp.com;port=1431;databaseName=ComercializadoraDB' (microsoft-19229995e03-694c593f59529342)
2024-09-25 08:32:49.937 - Execution context opened (jdbc:sqlserver://;serverName=itekniaapp.serveftp.com;port=1431;databaseName=ComercializadoraDB; Main; 5)
2024-09-25 08:32:50.166 - Connected (microsoft-19229995e03-694c593f59529342, Microsoft JDBC Driver 9.2 for SQL Server [9.2.0.0])
2024-09-25 08:32:50.217 - Execution context closed (jdbc:sqlserver://;serverName=itekniaapp.serveftp.com;port=1431;databaseName=ComercializadoraDB, 5)
2024-09-25 08:32:50.217 - Disconnected (microsoft-19229995e03-694c593f59529342)
2024-09-25 08:32:56.451 - Connect with 'Comercializadora' (microsoft-1922993c65b-6adb2d61b9488cd5)
2024-09-25 08:32:56.452 - Execution context opened (Comercializadora; Main; 6)
2024-09-25 08:32:56.516 - Execution context opened (Comercializadora; Metadata; 7)
2024-09-25 08:32:56.627 - Connected (microsoft-1922993c65b-6adb2d61b9488cd5, Microsoft JDBC Driver 9.2 for SQL Server [9.2.0.0])
2024-09-25 08:32:56.638 - Execution context opened (Comercializadora; SQLEditor <Script-2.sql>; 8)
2024-09-25 08:35:54.431 - org.jkiss.dbeaver.model.sql.DBSQLException: SQL Error [208] [S0002]: El nombre de objeto 'OrdenesTrabajo' no es válido.
	at org.jkiss.dbeaver.model.impl.jdbc.exec.JDBCStatementImpl.executeStatement(JDBCStatementImpl.java:133)
	at org.jkiss.dbeaver.ui.editors.sql.execute.SQLQueryJob.executeStatement(SQLQueryJob.java:582)
	at org.jkiss.dbeaver.ui.editors.sql.execute.SQLQueryJob.lambda$1(SQLQueryJob.java:491)
	at org.jkiss.dbeaver.ui.editors.sql.execute.SQLQueryJob.executeSingleQuery(SQLQueryJob.java:501)
	at org.jkiss.dbeaver.ui.editors.sql.execute.SQLQueryJob.run(SQLQueryJob.java:238)
	at org.jkiss.dbeaver.model.runtime.AbstractJob.run(AbstractJob.java:105)
	at org.eclipse.core.internal.jobs.Worker.run(Worker.java:63)
Caused by: com.microsoft.sqlserver.jdbc.SQLServerException: El nombre de objeto 'OrdenesTrabajo' no es válido.
	at com.microsoft.sqlserver.jdbc.SQLServerException.makeFromDatabaseError(SQLServerException.java:262)
	at com.microsoft.sqlserver.jdbc.SQLServerStatement.getNextResult(SQLServerStatement.java:1632)
	at com.microsoft.sqlserver.jdbc.SQLServerStatement.doExecuteStatement(SQLServerStatement.java:872)
	at com.microsoft.sqlserver.jdbc.SQLServerStatement$StmtExecCmd.doExecute(SQLServerStatement.java:767)
	at com.microsoft.sqlserver.jdbc.TDSCommand.execute(IOBuffer.java:7418)
	at com.microsoft.sqlserver.jdbc.SQLServerConnection.executeCommand(SQLServerConnection.java:3274)
	at com.microsoft.sqlserver.jdbc.SQLServerStatement.executeCommand(SQLServerStatement.java:247)
	at com.microsoft.sqlserver.jdbc.SQLServerStatement.executeStatement(SQLServerStatement.java:222)
	at com.microsoft.sqlserver.jdbc.SQLServerStatement.execute(SQLServerStatement.java:743)
	at org.jkiss.dbeaver.model.impl.jdbc.exec.JDBCStatementImpl.execute(JDBCStatementImpl.java:329)
	at org.jkiss.dbeaver.model.impl.jdbc.exec.JDBCStatementImpl.lambda$0(JDBCStatementImpl.java:131)
	at org.jkiss.dbeaver.utils.SecurityManagerUtils.wrapDriverActions(SecurityManagerUtils.java:96)
	at org.jkiss.dbeaver.model.impl.jdbc.exec.JDBCStatementImpl.executeStatement(JDBCStatementImpl.java:131)
	... 6 more
2024-09-25 09:03:23.720 - Execution context closed (Comercializadora, 8)
2024-09-25 09:05:24.874 - Execution context opened (Comercializadora; SQLEditor <OT Comercializadora.sql>; 9)
2024-09-25 09:05:25.026 - Cannot determine transaction isolation level due to connection hanging. Setting to NONE.
2024-09-25 09:10:54.157 - Cancel operation timed out
org.jkiss.dbeaver.model.exec.DBCException: Cancel operation timed out
	at org.jkiss.dbeaver.ui.controls.resultset.ResultSetJobDataRead$PumpVisualizer.runInUIThread(ResultSetJobDataRead.java:185)
	at org.eclipse.ui.progress.UIJob.lambda$0(UIJob.java:148)
	at org.eclipse.swt.widgets.RunnableLock.run(RunnableLock.java:40)
	at org.eclipse.swt.widgets.Synchronizer.runAsyncMessages(Synchronizer.java:132)
	at org.eclipse.swt.widgets.Display.runAsyncMessages(Display.java:5040)
	at org.eclipse.swt.widgets.Display.readAndDispatch(Display.java:4520)
	at org.jkiss.dbeaver.ui.UIUtils.waitJobCompletion(UIUtils.java:2018)
	at org.jkiss.dbeaver.ui.editors.sql.syntax.SQLCompletionProcessor.computeCompletionProposals(SQLCompletionProcessor.java:151)
	at org.eclipse.jface.text.contentassist.ContentAssistant$2.lambda$0(ContentAssistant.java:2063)
	at java.base/java.lang.Iterable.forEach(Unknown Source)
	at org.eclipse.jface.text.contentassist.ContentAssistant$2.run(ContentAssistant.java:2062)
	at org.eclipse.core.runtime.SafeRunner.run(SafeRunner.java:45)
	at org.eclipse.jface.text.contentassist.ContentAssistant.computeCompletionProposals(ContentAssistant.java:2059)
	at org.eclipse.jface.text.contentassist.CompletionProposalPopup.computeProposals(CompletionProposalPopup.java:577)
	at org.eclipse.jface.text.contentassist.CompletionProposalPopup.lambda$0(CompletionProposalPopup.java:507)
	at org.eclipse.swt.custom.BusyIndicator.showWhile(BusyIndicator.java:74)
	at org.eclipse.jface.text.contentassist.CompletionProposalPopup.showProposals(CompletionProposalPopup.java:502)
	at org.eclipse.jface.text.contentassist.ContentAssistant$AutoAssistListener.lambda$0(ContentAssistant.java:399)
	at org.eclipse.swt.widgets.RunnableLock.run(RunnableLock.java:40)
	at org.eclipse.swt.widgets.Synchronizer.runAsyncMessages(Synchronizer.java:132)
	at org.eclipse.swt.widgets.Display.runAsyncMessages(Display.java:5040)
	at org.eclipse.swt.widgets.Display.readAndDispatch(Display.java:4520)
	at org.eclipse.e4.ui.internal.workbench.swt.PartRenderingEngine$5.run(PartRenderingEngine.java:1155)
	at org.eclipse.core.databinding.observable.Realm.runWithDefault(Realm.java:338)
	at org.eclipse.e4.ui.internal.workbench.swt.PartRenderingEngine.run(PartRenderingEngine.java:1046)
	at org.eclipse.e4.ui.internal.workbench.E4Workbench.createAndRunUI(E4Workbench.java:155)
	at org.eclipse.ui.internal.Workbench.lambda$3(Workbench.java:643)
	at org.eclipse.core.databinding.observable.Realm.runWithDefault(Realm.java:338)
	at org.eclipse.ui.internal.Workbench.createAndRunWorkbench(Workbench.java:550)
	at org.eclipse.ui.PlatformUI.createAndRunWorkbench(PlatformUI.java:171)
	at org.jkiss.dbeaver.ui.app.standalone.DBeaverApplication.start(DBeaverApplication.java:297)
	at org.eclipse.equinox.internal.app.EclipseAppHandle.run(EclipseAppHandle.java:203)
	at org.eclipse.core.runtime.internal.adaptor.EclipseAppLauncher.runApplication(EclipseAppLauncher.java:136)
	at org.eclipse.core.runtime.internal.adaptor.EclipseAppLauncher.start(EclipseAppLauncher.java:104)
	at org.eclipse.core.runtime.adaptor.EclipseStarter.run(EclipseStarter.java:402)
	at org.eclipse.core.runtime.adaptor.EclipseStarter.run(EclipseStarter.java:255)
	at java.base/jdk.internal.reflect.NativeMethodAccessorImpl.invoke0(Native Method)
	at java.base/jdk.internal.reflect.NativeMethodAccessorImpl.invoke(Unknown Source)
	at java.base/jdk.internal.reflect.DelegatingMethodAccessorImpl.invoke(Unknown Source)
	at java.base/java.lang.reflect.Method.invoke(Unknown Source)
	at org.eclipse.equinox.launcher.Main.invokeFramework(Main.java:659)
	at org.eclipse.equinox.launcher.Main.basicRun(Main.java:596)
	at org.eclipse.equinox.launcher.Main.run(Main.java:1467)
	at org.eclipse.equinox.launcher.Main.main(Main.java:1440)
2024-09-25 09:12:44.108 - Cancel operation timed out
org.jkiss.dbeaver.model.exec.DBCException: Cancel operation timed out
	at org.jkiss.dbeaver.ui.controls.resultset.ResultSetJobDataRead$PumpVisualizer.runInUIThread(ResultSetJobDataRead.java:185)
	at org.eclipse.ui.progress.UIJob.lambda$0(UIJob.java:148)
	at org.eclipse.swt.widgets.RunnableLock.run(RunnableLock.java:40)
	at org.eclipse.swt.widgets.Synchronizer.runAsyncMessages(Synchronizer.java:132)
	at org.eclipse.swt.widgets.Display.runAsyncMessages(Display.java:5040)
	at org.eclipse.swt.widgets.Display.readAndDispatch(Display.java:4520)
	at org.jkiss.dbeaver.ui.UIUtils.waitJobCompletion(UIUtils.java:2018)
	at org.jkiss.dbeaver.ui.editors.sql.syntax.SQLCompletionProcessor.computeCompletionProposals(SQLCompletionProcessor.java:151)
	at org.eclipse.jface.text.contentassist.ContentAssistant$2.lambda$0(ContentAssistant.java:2063)
	at java.base/java.lang.Iterable.forEach(Unknown Source)
	at org.eclipse.jface.text.contentassist.ContentAssistant$2.run(ContentAssistant.java:2062)
	at org.eclipse.core.runtime.SafeRunner.run(SafeRunner.java:45)
	at org.eclipse.jface.text.contentassist.ContentAssistant.computeCompletionProposals(ContentAssistant.java:2059)
	at org.eclipse.jface.text.contentassist.CompletionProposalPopup.computeProposals(CompletionProposalPopup.java:577)
	at org.eclipse.jface.text.contentassist.CompletionProposalPopup.lambda$0(CompletionProposalPopup.java:507)
	at org.eclipse.swt.custom.BusyIndicator.showWhile(BusyIndicator.java:74)
	at org.eclipse.jface.text.contentassist.CompletionProposalPopup.showProposals(CompletionProposalPopup.java:502)
	at org.eclipse.jface.text.contentassist.ContentAssistant$AutoAssistListener.lambda$0(ContentAssistant.java:399)
	at org.eclipse.swt.widgets.RunnableLock.run(RunnableLock.java:40)
	at org.eclipse.swt.widgets.Synchronizer.runAsyncMessages(Synchronizer.java:132)
	at org.eclipse.swt.widgets.Display.runAsyncMessages(Display.java:5040)
	at org.eclipse.swt.widgets.Display.readAndDispatch(Display.java:4520)
	at org.eclipse.e4.ui.internal.workbench.swt.PartRenderingEngine$5.run(PartRenderingEngine.java:1155)
	at org.eclipse.core.databinding.observable.Realm.runWithDefault(Realm.java:338)
	at org.eclipse.e4.ui.internal.workbench.swt.PartRenderingEngine.run(PartRenderingEngine.java:1046)
	at org.eclipse.e4.ui.internal.workbench.E4Workbench.createAndRunUI(E4Workbench.java:155)
	at org.eclipse.ui.internal.Workbench.lambda$3(Workbench.java:643)
	at org.eclipse.core.databinding.observable.Realm.runWithDefault(Realm.java:338)
	at org.eclipse.ui.internal.Workbench.createAndRunWorkbench(Workbench.java:550)
	at org.eclipse.ui.PlatformUI.createAndRunWorkbench(PlatformUI.java:171)
	at org.jkiss.dbeaver.ui.app.standalone.DBeaverApplication.start(DBeaverApplication.java:297)
	at org.eclipse.equinox.internal.app.EclipseAppHandle.run(EclipseAppHandle.java:203)
	at org.eclipse.core.runtime.internal.adaptor.EclipseAppLauncher.runApplication(EclipseAppLauncher.java:136)
	at org.eclipse.core.runtime.internal.adaptor.EclipseAppLauncher.start(EclipseAppLauncher.java:104)
	at org.eclipse.core.runtime.adaptor.EclipseStarter.run(EclipseStarter.java:402)
	at org.eclipse.core.runtime.adaptor.EclipseStarter.run(EclipseStarter.java:255)
	at java.base/jdk.internal.reflect.NativeMethodAccessorImpl.invoke0(Native Method)
	at java.base/jdk.internal.reflect.NativeMethodAccessorImpl.invoke(Unknown Source)
	at java.base/jdk.internal.reflect.DelegatingMethodAccessorImpl.invoke(Unknown Source)
	at java.base/java.lang.reflect.Method.invoke(Unknown Source)
	at org.eclipse.equinox.launcher.Main.invokeFramework(Main.java:659)
	at org.eclipse.equinox.launcher.Main.basicRun(Main.java:596)
	at org.eclipse.equinox.launcher.Main.run(Main.java:1467)
	at org.eclipse.equinox.launcher.Main.main(Main.java:1440)
2024-09-25 09:12:52.623 - Execution context closed (Comercializadora, 9)
2024-09-25 09:22:10.764 - Table not found. 
org.jkiss.dbeaver.DBException: Error loading object metadata from database
	at org.jkiss.dbeaver.model.impl.jdbc.cache.JDBCStructLookupCache.reloadObject(JDBCStructLookupCache.java:131)
	at org.jkiss.dbeaver.model.impl.jdbc.cache.JDBCStructLookupCache.getObject(JDBCStructLookupCache.java:61)
	at org.jkiss.dbeaver.ext.mssql.model.SQLServerSchema.getTable(SQLServerSchema.java:221)
	at org.jkiss.dbeaver.ext.mssql.SQLServerUtils.getTableFromQuery(SQLServerUtils.java:350)
	at org.jkiss.dbeaver.ext.mssql.model.SQLServerDataSource.isForceTransform(SQLServerDataSource.java:539)
	at org.jkiss.dbeaver.model.DBUtils.makeStatement(DBUtils.java:1379)
	at org.jkiss.dbeaver.ui.editors.sql.execute.SQLQueryJob.executeStatement(SQLQueryJob.java:558)
	at org.jkiss.dbeaver.ui.editors.sql.execute.SQLQueryJob.lambda$1(SQLQueryJob.java:491)
	at org.jkiss.dbeaver.model.exec.DBExecUtils.tryExecuteRecover(DBExecUtils.java:189)
	at org.jkiss.dbeaver.ui.editors.sql.execute.SQLQueryJob.executeSingleQuery(SQLQueryJob.java:498)
	at org.jkiss.dbeaver.ui.editors.sql.execute.SQLQueryJob.extractData(SQLQueryJob.java:934)
	at org.jkiss.dbeaver.ui.editors.sql.SQLEditor$QueryResultsContainer.readData(SQLEditor.java:3864)
	at org.jkiss.dbeaver.ui.controls.resultset.ResultSetJobDataRead.lambda$0(ResultSetJobDataRead.java:123)
	at org.jkiss.dbeaver.model.exec.DBExecUtils.tryExecuteRecover(DBExecUtils.java:189)
	at org.jkiss.dbeaver.ui.controls.resultset.ResultSetJobDataRead.run(ResultSetJobDataRead.java:121)
	at org.jkiss.dbeaver.ui.controls.resultset.ResultSetViewer$ResultSetDataPumpJob.run(ResultSetViewer.java:5091)
	at org.jkiss.dbeaver.model.runtime.AbstractJob.run(AbstractJob.java:105)
	at org.eclipse.core.internal.jobs.Worker.run(Worker.java:63)
Caused by: com.microsoft.sqlserver.jdbc.SQLServerException: La conexión está cerrada.
	at com.microsoft.sqlserver.jdbc.SQLServerException.makeFromDriverError(SQLServerException.java:234)
	at com.microsoft.sqlserver.jdbc.SQLServerConnection.checkClosed(SQLServerConnection.java:1217)
	at com.microsoft.sqlserver.jdbc.SQLServerConnection.prepareStatement(SQLServerConnection.java:3772)
	at com.microsoft.sqlserver.jdbc.SQLServerConnection.prepareStatement(SQLServerConnection.java:3408)
	at org.jkiss.dbeaver.model.impl.jdbc.exec.JDBCConnectionImpl.prepareStatement(JDBCConnectionImpl.java:260)
	at org.jkiss.dbeaver.ext.mssql.model.SQLServerSchema$TableCache.prepareLookupStatement(SQLServerSchema.java:412)
	at org.jkiss.dbeaver.ext.mssql.model.SQLServerSchema$TableCache.prepareLookupStatement(SQLServerSchema.java:1)
	at org.jkiss.dbeaver.model.impl.jdbc.cache.JDBCStructLookupCache.reloadObject(JDBCStructLookupCache.java:110)
	... 17 more
2024-09-25 09:22:10.767 - Table not found. 
org.jkiss.dbeaver.DBException: Error loading object metadata from database
	at org.jkiss.dbeaver.model.impl.jdbc.cache.JDBCStructLookupCache.reloadObject(JDBCStructLookupCache.java:131)
	at org.jkiss.dbeaver.model.impl.jdbc.cache.JDBCStructLookupCache.getObject(JDBCStructLookupCache.java:61)
	at org.jkiss.dbeaver.ext.mssql.model.SQLServerSchema.getTable(SQLServerSchema.java:221)
	at org.jkiss.dbeaver.ext.mssql.SQLServerUtils.getTableFromQuery(SQLServerUtils.java:350)
	at org.jkiss.dbeaver.ext.mssql.model.SQLServerDataSource.isForceTransform(SQLServerDataSource.java:539)
	at org.jkiss.dbeaver.model.DBUtils.makeStatement(DBUtils.java:1379)
	at org.jkiss.dbeaver.ui.editors.sql.execute.SQLQueryJob.executeStatement(SQLQueryJob.java:558)
	at org.jkiss.dbeaver.ui.editors.sql.execute.SQLQueryJob.lambda$1(SQLQueryJob.java:491)
	at org.jkiss.dbeaver.model.exec.DBExecUtils.tryExecuteRecover(DBExecUtils.java:189)
	at org.jkiss.dbeaver.ui.editors.sql.execute.SQLQueryJob.executeSingleQuery(SQLQueryJob.java:498)
	at org.jkiss.dbeaver.ui.editors.sql.execute.SQLQueryJob.extractData(SQLQueryJob.java:934)
	at org.jkiss.dbeaver.ui.editors.sql.SQLEditor$QueryResultsContainer.readData(SQLEditor.java:3864)
	at org.jkiss.dbeaver.ui.controls.resultset.ResultSetJobDataRead.lambda$0(ResultSetJobDataRead.java:123)
	at org.jkiss.dbeaver.model.exec.DBExecUtils.tryExecuteRecover(DBExecUtils.java:189)
	at org.jkiss.dbeaver.ui.controls.resultset.ResultSetJobDataRead.run(ResultSetJobDataRead.java:121)
	at org.jkiss.dbeaver.ui.controls.resultset.ResultSetViewer$ResultSetDataPumpJob.run(ResultSetViewer.java:5091)
	at org.jkiss.dbeaver.model.runtime.AbstractJob.run(AbstractJob.java:105)
	at org.eclipse.core.internal.jobs.Worker.run(Worker.java:63)
Caused by: com.microsoft.sqlserver.jdbc.SQLServerException: La conexión está cerrada.
	at com.microsoft.sqlserver.jdbc.SQLServerException.makeFromDriverError(SQLServerException.java:234)
	at com.microsoft.sqlserver.jdbc.SQLServerConnection.checkClosed(SQLServerConnection.java:1217)
	at com.microsoft.sqlserver.jdbc.SQLServerConnection.prepareStatement(SQLServerConnection.java:3772)
	at com.microsoft.sqlserver.jdbc.SQLServerConnection.prepareStatement(SQLServerConnection.java:3408)
	at org.jkiss.dbeaver.model.impl.jdbc.exec.JDBCConnectionImpl.prepareStatement(JDBCConnectionImpl.java:260)
	at org.jkiss.dbeaver.ext.mssql.model.SQLServerSchema$TableCache.prepareLookupStatement(SQLServerSchema.java:412)
	at org.jkiss.dbeaver.ext.mssql.model.SQLServerSchema$TableCache.prepareLookupStatement(SQLServerSchema.java:1)
	at org.jkiss.dbeaver.model.impl.jdbc.cache.JDBCStructLookupCache.reloadObject(JDBCStructLookupCache.java:110)
	... 17 more
2024-09-25 09:22:10.770 - org.jkiss.dbeaver.DBException: Error loading object metadata from database
	at org.jkiss.dbeaver.model.impl.jdbc.cache.JDBCStructLookupCache.reloadObject(JDBCStructLookupCache.java:131)
	at org.jkiss.dbeaver.model.impl.jdbc.cache.JDBCStructLookupCache.getObject(JDBCStructLookupCache.java:61)
	at org.jkiss.dbeaver.ext.mssql.model.SQLServerSchema.getChild(SQLServerSchema.java:272)
	at org.jkiss.dbeaver.ext.mssql.model.SQLServerSchema.getChild(SQLServerSchema.java:1)
	at org.jkiss.dbeaver.model.DBUtils.findNestedObject(DBUtils.java:368)
	at org.jkiss.dbeaver.model.sql.SQLSearchUtils.findObjectByPath(SQLSearchUtils.java:151)
	at org.jkiss.dbeaver.model.sql.SQLSearchUtils.findObjectByFQN(SQLSearchUtils.java:105)
	at org.jkiss.dbeaver.model.sql.SQLSearchUtils.findObjectByFQN(SQLSearchUtils.java:65)
	at org.jkiss.dbeaver.model.sql.completion.SQLCompletionAnalyzer.getTableFromAlias(SQLCompletionAnalyzer.java:935)
	at org.jkiss.dbeaver.model.sql.completion.SQLCompletionAnalyzer.runAnalyzer(SQLCompletionAnalyzer.java:294)
	at org.jkiss.dbeaver.model.sql.completion.SQLCompletionAnalyzer.runAnalyzer(SQLCompletionAnalyzer.java:103)
	at org.jkiss.dbeaver.model.sql.completion.SQLCompletionAnalyzer.run(SQLCompletionAnalyzer.java:87)
	at org.jkiss.dbeaver.model.sql.completion.SQLCompletionAnalyzer.run(SQLCompletionAnalyzer.java:1)
	at org.jkiss.dbeaver.model.exec.DBExecUtils.tryExecuteRecover(DBExecUtils.java:189)
	at org.jkiss.dbeaver.ui.editors.sql.syntax.SQLCompletionProcessor$ProposalSearchJob.run(SQLCompletionProcessor.java:334)
	at org.jkiss.dbeaver.model.runtime.AbstractJob.run(AbstractJob.java:105)
	at org.eclipse.core.internal.jobs.Worker.run(Worker.java:63)
Caused by: com.microsoft.sqlserver.jdbc.SQLServerException: La conexión está cerrada.
	at com.microsoft.sqlserver.jdbc.SQLServerException.makeFromDriverError(SQLServerException.java:234)
	at com.microsoft.sqlserver.jdbc.SQLServerConnection.checkClosed(SQLServerConnection.java:1217)
	at com.microsoft.sqlserver.jdbc.SQLServerConnection.prepareStatement(SQLServerConnection.java:3772)
	at com.microsoft.sqlserver.jdbc.SQLServerConnection.prepareStatement(SQLServerConnection.java:3408)
	at org.jkiss.dbeaver.model.impl.jdbc.exec.JDBCConnectionImpl.prepareStatement(JDBCConnectionImpl.java:260)
	at org.jkiss.dbeaver.ext.mssql.model.SQLServerSchema$TableCache.prepareLookupStatement(SQLServerSchema.java:412)
	at org.jkiss.dbeaver.ext.mssql.model.SQLServerSchema$TableCache.prepareLookupStatement(SQLServerSchema.java:1)
	at org.jkiss.dbeaver.model.impl.jdbc.cache.JDBCStructLookupCache.reloadObject(JDBCStructLookupCache.java:110)
	... 16 more
2024-09-25 09:22:10.778 - org.jkiss.dbeaver.DBException: Error loading object metadata from database
	at org.jkiss.dbeaver.model.impl.jdbc.cache.JDBCStructLookupCache.reloadObject(JDBCStructLookupCache.java:131)
	at org.jkiss.dbeaver.model.impl.jdbc.cache.JDBCStructLookupCache.getObject(JDBCStructLookupCache.java:61)
	at org.jkiss.dbeaver.ext.mssql.model.SQLServerSchema.getChild(SQLServerSchema.java:272)
	at org.jkiss.dbeaver.ext.mssql.model.SQLServerSchema.getChild(SQLServerSchema.java:1)
	at org.jkiss.dbeaver.model.DBUtils.findNestedObject(DBUtils.java:368)
	at org.jkiss.dbeaver.model.sql.SQLSearchUtils.findObjectByPath(SQLSearchUtils.java:151)
	at org.jkiss.dbeaver.model.sql.SQLSearchUtils.findObjectByFQN(SQLSearchUtils.java:122)
	at org.jkiss.dbeaver.model.sql.SQLSearchUtils.findObjectByFQN(SQLSearchUtils.java:65)
	at org.jkiss.dbeaver.model.sql.completion.SQLCompletionAnalyzer.getTableFromAlias(SQLCompletionAnalyzer.java:935)
	at org.jkiss.dbeaver.model.sql.completion.SQLCompletionAnalyzer.runAnalyzer(SQLCompletionAnalyzer.java:294)
	at org.jkiss.dbeaver.model.sql.completion.SQLCompletionAnalyzer.runAnalyzer(SQLCompletionAnalyzer.java:103)
	at org.jkiss.dbeaver.model.sql.completion.SQLCompletionAnalyzer.run(SQLCompletionAnalyzer.java:87)
	at org.jkiss.dbeaver.model.sql.completion.SQLCompletionAnalyzer.run(SQLCompletionAnalyzer.java:1)
	at org.jkiss.dbeaver.model.exec.DBExecUtils.tryExecuteRecover(DBExecUtils.java:189)
	at org.jkiss.dbeaver.ui.editors.sql.syntax.SQLCompletionProcessor$ProposalSearchJob.run(SQLCompletionProcessor.java:334)
	at org.jkiss.dbeaver.model.runtime.AbstractJob.run(AbstractJob.java:105)
	at org.eclipse.core.internal.jobs.Worker.run(Worker.java:63)
Caused by: com.microsoft.sqlserver.jdbc.SQLServerException: La conexión está cerrada.
	at com.microsoft.sqlserver.jdbc.SQLServerException.makeFromDriverError(SQLServerException.java:234)
	at com.microsoft.sqlserver.jdbc.SQLServerConnection.checkClosed(SQLServerConnection.java:1217)
	at com.microsoft.sqlserver.jdbc.SQLServerConnection.prepareStatement(SQLServerConnection.java:3772)
	at com.microsoft.sqlserver.jdbc.SQLServerConnection.prepareStatement(SQLServerConnection.java:3408)
	at org.jkiss.dbeaver.model.impl.jdbc.exec.JDBCConnectionImpl.prepareStatement(JDBCConnectionImpl.java:260)
	at org.jkiss.dbeaver.ext.mssql.model.SQLServerSchema$TableCache.prepareLookupStatement(SQLServerSchema.java:412)
	at org.jkiss.dbeaver.ext.mssql.model.SQLServerSchema$TableCache.prepareLookupStatement(SQLServerSchema.java:1)
	at org.jkiss.dbeaver.model.impl.jdbc.cache.JDBCStructLookupCache.reloadObject(JDBCStructLookupCache.java:110)
	... 16 more
2024-09-25 09:22:10.782 - java.lang.NullPointerException: Cannot invoke "org.jkiss.dbeaver.model.DBPDataSource.getSQLDialect()" because the return value of "org.jkiss.dbeaver.model.sql.completion.SQLCompletionContext.getDataSource()" is null
	at org.jkiss.dbeaver.model.sql.completion.SQLCompletionAnalyzer.runAnalyzer(SQLCompletionAnalyzer.java:340)
	at org.jkiss.dbeaver.model.sql.completion.SQLCompletionAnalyzer.runAnalyzer(SQLCompletionAnalyzer.java:103)
	at org.jkiss.dbeaver.model.sql.completion.SQLCompletionAnalyzer.run(SQLCompletionAnalyzer.java:87)
	at org.jkiss.dbeaver.model.sql.completion.SQLCompletionAnalyzer.run(SQLCompletionAnalyzer.java:1)
	at org.jkiss.dbeaver.model.exec.DBExecUtils.tryExecuteRecover(DBExecUtils.java:189)
	at org.jkiss.dbeaver.ui.editors.sql.syntax.SQLCompletionProcessor$ProposalSearchJob.run(SQLCompletionProcessor.java:334)
	at org.jkiss.dbeaver.model.runtime.AbstractJob.run(AbstractJob.java:105)
	at org.eclipse.core.internal.jobs.Worker.run(Worker.java:63)
2024-09-25 09:22:10.862 - DBeaver is stopping
2024-09-25 09:22:10.864 - Stop RMI server
2024-09-25 09:22:10.868 - RMI controller has been stopped
2024-09-25 09:22:10.870 - DBeaver shutdown completed
2024-09-25 09:22:10.870 - Internal error: data read status is empty
