2024-11-13 08:41:11.692 - DBeaver 23.0.2.202304091457 is starting
2024-11-13 08:41:11.693 - OS: Linux 6.8.0-48-generic (amd64)
2024-11-13 08:41:11.693 - Java version: 17.0.6 by Eclipse Adoptium (64bit)
2024-11-13 08:41:11.693 - Install path: '/usr/share/dbeaver-ce'
2024-11-13 08:41:11.693 - Instance path: 'file:/home/iteknia/Documents/ARCHIVOS/al_maletin/PROJET/ITEKNIA/MULIIX/'
2024-11-13 08:41:11.694 - Memory available 64Mb/1024Mb
2024-11-13 08:41:11.704 - Create display
2024-11-13 08:41:11.863 - Initializing DBeaver 23.0.2
2024-11-13 08:41:11.864 - Host plugin: org.jkiss.dbeaver.ui.app.standalone 23.0.2.202304091457
2024-11-13 08:41:11.864 - Initialize desktop platform...
2024-11-13 08:41:12.092 - BounceCastle bundle found. Use JCE provider BC
> Start Core File Systems [org.eclipse.core.filesystem 1.9.500.v20220817-1539]
> Start Core Resource Management [org.eclipse.core.resources 3.18.100.v20221025-2047]
> Start Núcleo del equipo de soporte [org.eclipse.team.core 3.9.600.v20220902-2219]
> Start DBeaver UI Navigator [org.jkiss.dbeaver.ui.navigator 1.0.103.202304091457]
2024-11-13 08:41:12.507 - Initialize base platform...
> Start Expression Language [org.eclipse.core.expressions 3.8.200.v20220613-1047]
2024-11-13 08:41:12.547 - Platform initialized (683ms)
> Start DBeaver UI Editors - Base [org.jkiss.dbeaver.ui.editors.base 1.0.103.202304091457]
2024-11-13 08:41:12.566 - Starting RMI server at 38714
2024-11-13 08:41:12.627 - Run workbench
> Start DBeaver UI [org.jkiss.dbeaver.ui 5.1.118.202304091457]
> Start Eclipse e4 Workbench SWT [org.eclipse.e4.ui.workbench.swt 0.16.700.v20221024-2137]
> Start Eclipse Application Services [org.eclipse.e4.core.services 2.3.400.v20220915-1347]
> Start Eclipse UI Application Services [org.eclipse.e4.ui.services 1.5.100.v20221024-2137]
> Start Eclipse e4 Progress View [org.eclipse.e4.ui.progress 0.3.600.v20221024-2137]
> Start EMF XML/XMI Persistence [org.eclipse.emf.ecore.xmi 2.17.0.v20220817-1334]
> Start Eclipse CSS SWT Theme Support [org.eclipse.e4.ui.css.swt.theme 0.13.200.v20221024-2137]
> Start Eclipse e4 Workbench Add-ons [org.eclipse.e4.ui.workbench.addons.swt 1.4.500.v20221028-0801]
> Start Eclipse e4 Workbench SWT Renderer [org.eclipse.e4.ui.workbench.renderers.swt 0.15.700.v20221024-2137]
> Start Eclipse Bindings Support [org.eclipse.e4.ui.bindings 0.13.200.v20221024-2137]
> Start Eclipse Dependency Injection Extensions [org.eclipse.e4.core.di.extensions 0.17.200.v20220613-1008]
> Start Eclipse CSS SWT Support [org.eclipse.e4.ui.css.swt 0.14.700.v20221102-0748]
Warning: NLS unused message: BlockedJobsDialog_UserInterfaceTreeElement in: org.eclipse.ui.internal.progress.messages
2024-11-13 08:41:15.125 - Configure workbench window
> Start Núcleo del sistema de ayuda [org.eclipse.help 3.9.100.v20210721-0601]
2024-11-13 08:41:15.239 - Create actions
2024-11-13 08:41:15.244 - Disable Eclipse action set 'org.eclipse.ui.edit.text.actionSet.annotationNavigation'
2024-11-13 08:41:15.245 - Disable Eclipse action set 'org.eclipse.ui.WorkingSetActionSet'
2024-11-13 08:41:15.246 - Disable Eclipse action set 'org.eclipse.ui.actionSet.openFiles'
Warning: NLS unused message: controls_client_homes_panel_button_add_home in: org.jkiss.dbeaver.core.CoreResources
Warning: NLS unused message: controls_client_homes_panel_button_remove_home in: org.jkiss.dbeaver.core.CoreResources
Warning: NLS unused message: controls_client_homes_panel_confirm_remove_home_text in: org.jkiss.dbeaver.core.CoreResources
Warning: NLS unused message: controls_client_homes_panel_confirm_remove_home_title in: org.jkiss.dbeaver.core.CoreResources
Warning: NLS unused message: controls_client_homes_panel_dialog_title in: org.jkiss.dbeaver.core.CoreResources
Warning: NLS unused message: controls_client_homes_panel_group_information in: org.jkiss.dbeaver.core.CoreResources
Warning: NLS unused message: controls_client_homes_panel_label_id in: org.jkiss.dbeaver.core.CoreResources
Warning: NLS unused message: controls_client_homes_panel_label_name in: org.jkiss.dbeaver.core.CoreResources
Warning: NLS unused message: controls_client_homes_panel_label_path in: org.jkiss.dbeaver.core.CoreResources
Warning: NLS unused message: controls_client_homes_panel_label_product_name in: org.jkiss.dbeaver.core.CoreResources
Warning: NLS unused message: controls_client_homes_panel_label_product_version in: org.jkiss.dbeaver.core.CoreResources
Warning: NLS unused message: actions_menu_reset_workspace_state_message in: org.jkiss.dbeaver.ui.app.standalone.internal.CoreApplicationMessages
Warning: NLS unused message: actions_menu_reset_workspace_state_title in: org.jkiss.dbeaver.ui.app.standalone.internal.CoreApplicationMessages
2024-11-13 08:41:15.941 - Initialize workbench window
2024-11-13 08:41:15.951 - Finish initialization
> Start Equinox Java Authentication and Authorization Service (JAAS) [org.eclipse.equinox.security 1.3.1000.v20220801-1135]
> Start Java Native Access [com.sun.jna 5.12.1.v20221103-2317]
> Start Interfaz de usuario de manejo de conexión a Internet [org.eclipse.ui.net 1.4.100.v20220812-1406]
> Start Internet Connection Management [org.eclipse.core.net 1.4.0.v20220813-1037]
> Start DBeaver UI Editors - Data [org.jkiss.dbeaver.ui.editors.data 1.0.103.202304091457]
> Start DBeaver Sample Database [org.jkiss.dbeaver.ext.sample.database 1.0.140.202304091457]
> Start DBeaver Tip of the day [org.jkiss.dbeaver.ext.ui.tipoftheday 1.0.109.202304091457]
> Start DBeaver SQL Model [org.jkiss.dbeaver.model.sql 1.0.93.202304091457]
> Start DBeaver UI Editors - SQL [org.jkiss.dbeaver.ui.editors.sql 1.0.103.202304091457]
> Start Draw2d [org.eclipse.draw2dl 3.12.100.20230406122456]
> Start GEF3 GEF (MVC) [org.eclipse.gef3 3.12.100.20230406122456]
> Start DBeaver ERD UI [org.jkiss.dbeaver.erd.ui 3.0.63.202304091457]
> Start DBeaver ERD Model [org.jkiss.dbeaver.erd.model 1.0.63.202304091457]
2024-11-13 08:41:17.407 - Total database drivers: 101 (101)
> Start Editor de texto predeterminado [org.eclipse.ui.editors 3.14.400.v20220730-1844]
> Start Entorno de trabajo [org.eclipse.ui.workbench.texteditor 3.16.600.v20220809-1658]
2024-11-13 08:41:19.662 - Open [https://dbeaver.io/product/version.xml]
> Start DBeaver UI Editors - Connections [org.jkiss.dbeaver.ui.editors.connection 1.0.94.202304091457]
2024-11-13 08:41:28.784 - Connect with 'nmITEKNIA_2016' (microsoft-18eed0a4396-2176044d5ff20ab3)
> Start DBeaver SQL Server Support [org.jkiss.dbeaver.ext.mssql 1.0.197.202304091457]
2024-11-13 08:41:28.833 - Execution context opened (nmITEKNIA_2016; Main; 0)
2024-11-13 08:41:43.472 - Error al establecer la conexión con el host 192.168.0.110, instancia con nombre COMPAC12. Error: "java.net.SocketTimeoutException: Receive timed out". Verifique los nombres del servidor y la instancia, y compruebe que no haya ningún firewall bloqueando el tráfico UDP al puerto 1434. Para SQL Server 2005 o versiones posteriores, verifique que el servicio SQL Server Browser se esté ejecutando en el host.
com.microsoft.sqlserver.jdbc.SQLServerException: Error al establecer la conexión con el host 192.168.0.110, instancia con nombre COMPAC12. Error: "java.net.SocketTimeoutException: Receive timed out". Verifique los nombres del servidor y la instancia, y compruebe que no haya ningún firewall bloqueando el tráfico UDP al puerto 1434. Para SQL Server 2005 o versiones posteriores, verifique que el servicio SQL Server Browser se esté ejecutando en el host.
	at com.microsoft.sqlserver.jdbc.SQLServerException.makeFromDriverError(SQLServerException.java:234)
	at com.microsoft.sqlserver.jdbc.SQLServerConnection.getInstancePort(SQLServerConnection.java:6231)
	at com.microsoft.sqlserver.jdbc.SQLServerConnection.primaryPermissionCheck(SQLServerConnection.java:2661)
	at com.microsoft.sqlserver.jdbc.SQLServerConnection.login(SQLServerConnection.java:2402)
	at com.microsoft.sqlserver.jdbc.SQLServerConnection.connectInternal(SQLServerConnection.java:2265)
	at com.microsoft.sqlserver.jdbc.SQLServerConnection.connect(SQLServerConnection.java:1291)
	at com.microsoft.sqlserver.jdbc.SQLServerDriver.connect(SQLServerDriver.java:881)
	at org.jkiss.dbeaver.model.impl.jdbc.JDBCDataSource.lambda$1(JDBCDataSource.java:212)
	at org.jkiss.dbeaver.model.impl.jdbc.JDBCDataSource.lambda$0(JDBCDataSource.java:225)
	at org.jkiss.dbeaver.model.impl.jdbc.JDBCDataSource.openConnection(JDBCDataSource.java:244)
	at org.jkiss.dbeaver.model.impl.jdbc.JDBCExecutionContext.connect(JDBCExecutionContext.java:103)
	at org.jkiss.dbeaver.model.impl.jdbc.JDBCRemoteInstance.initializeMainContext(JDBCRemoteInstance.java:102)
	at org.jkiss.dbeaver.model.impl.jdbc.JDBCRemoteInstance.<init>(JDBCRemoteInstance.java:61)
	at org.jkiss.dbeaver.model.impl.jdbc.JDBCDataSource.initializeRemoteInstance(JDBCDataSource.java:130)
	at org.jkiss.dbeaver.model.impl.jdbc.JDBCDataSource.<init>(JDBCDataSource.java:108)
	at org.jkiss.dbeaver.model.impl.jdbc.JDBCDataSource.<init>(JDBCDataSource.java:99)
	at org.jkiss.dbeaver.ext.mssql.model.SQLServerDataSource.<init>(SQLServerDataSource.java:80)
	at org.jkiss.dbeaver.ext.mssql.SQLServerDataSourceProvider.openDataSource(SQLServerDataSourceProvider.java:137)
	at org.jkiss.dbeaver.registry.DataSourceDescriptor.openDataSource(DataSourceDescriptor.java:1191)
	at org.jkiss.dbeaver.registry.DataSourceDescriptor.connect(DataSourceDescriptor.java:1056)
	at org.jkiss.dbeaver.runtime.jobs.ConnectJob.run(ConnectJob.java:70)
	at org.jkiss.dbeaver.model.runtime.AbstractJob.run(AbstractJob.java:105)
	at org.eclipse.core.internal.jobs.Worker.run(Worker.java:63)
> Start DBeaver SQL Server UI Support [org.jkiss.dbeaver.ext.mssql.ui 1.0.102.202304091457]
2024-11-13 08:42:31.526 - Service 'org.jkiss.dbeaver.runtime.ui.UIServiceSecurity' not found
2024-11-13 09:57:40.280 - System suspend detected! Reinitialize all remote connections.
2024-11-13 10:24:16.358 - Connect with 'nmITEKNIA_2016' (microsoft-18eed0a4396-2176044d5ff20ab3)
2024-11-13 10:24:16.361 - Execution context opened (nmITEKNIA_2016; Main; 1)
2024-11-13 10:24:30.878 - Error al establecer la conexión con el host 192.168.0.220, instancia con nombre COMPAC12. Error: "java.net.SocketTimeoutException: Receive timed out". Verifique los nombres del servidor y la instancia, y compruebe que no haya ningún firewall bloqueando el tráfico UDP al puerto 1434. Para SQL Server 2005 o versiones posteriores, verifique que el servicio SQL Server Browser se esté ejecutando en el host.
com.microsoft.sqlserver.jdbc.SQLServerException: Error al establecer la conexión con el host 192.168.0.220, instancia con nombre COMPAC12. Error: "java.net.SocketTimeoutException: Receive timed out". Verifique los nombres del servidor y la instancia, y compruebe que no haya ningún firewall bloqueando el tráfico UDP al puerto 1434. Para SQL Server 2005 o versiones posteriores, verifique que el servicio SQL Server Browser se esté ejecutando en el host.
	at com.microsoft.sqlserver.jdbc.SQLServerException.makeFromDriverError(SQLServerException.java:234)
	at com.microsoft.sqlserver.jdbc.SQLServerConnection.getInstancePort(SQLServerConnection.java:6231)
	at com.microsoft.sqlserver.jdbc.SQLServerConnection.primaryPermissionCheck(SQLServerConnection.java:2661)
	at com.microsoft.sqlserver.jdbc.SQLServerConnection.login(SQLServerConnection.java:2402)
	at com.microsoft.sqlserver.jdbc.SQLServerConnection.connectInternal(SQLServerConnection.java:2265)
	at com.microsoft.sqlserver.jdbc.SQLServerConnection.connect(SQLServerConnection.java:1291)
	at com.microsoft.sqlserver.jdbc.SQLServerDriver.connect(SQLServerDriver.java:881)
	at org.jkiss.dbeaver.model.impl.jdbc.JDBCDataSource.lambda$1(JDBCDataSource.java:212)
	at org.jkiss.dbeaver.model.impl.jdbc.JDBCDataSource.lambda$0(JDBCDataSource.java:225)
	at org.jkiss.dbeaver.model.impl.jdbc.JDBCDataSource.openConnection(JDBCDataSource.java:244)
	at org.jkiss.dbeaver.model.impl.jdbc.JDBCExecutionContext.connect(JDBCExecutionContext.java:103)
	at org.jkiss.dbeaver.model.impl.jdbc.JDBCRemoteInstance.initializeMainContext(JDBCRemoteInstance.java:102)
	at org.jkiss.dbeaver.model.impl.jdbc.JDBCRemoteInstance.<init>(JDBCRemoteInstance.java:61)
	at org.jkiss.dbeaver.model.impl.jdbc.JDBCDataSource.initializeRemoteInstance(JDBCDataSource.java:130)
	at org.jkiss.dbeaver.model.impl.jdbc.JDBCDataSource.<init>(JDBCDataSource.java:108)
	at org.jkiss.dbeaver.model.impl.jdbc.JDBCDataSource.<init>(JDBCDataSource.java:99)
	at org.jkiss.dbeaver.ext.mssql.model.SQLServerDataSource.<init>(SQLServerDataSource.java:80)
	at org.jkiss.dbeaver.ext.mssql.SQLServerDataSourceProvider.openDataSource(SQLServerDataSourceProvider.java:137)
	at org.jkiss.dbeaver.registry.DataSourceDescriptor.openDataSource(DataSourceDescriptor.java:1191)
	at org.jkiss.dbeaver.registry.DataSourceDescriptor.connect(DataSourceDescriptor.java:1056)
	at org.jkiss.dbeaver.runtime.jobs.ConnectJob.run(ConnectJob.java:70)
	at org.jkiss.dbeaver.model.runtime.AbstractJob.run(AbstractJob.java:105)
	at org.eclipse.core.internal.jobs.Worker.run(Worker.java:63)
2024-11-13 10:25:35.219 - Service 'org.jkiss.dbeaver.runtime.ui.UIServiceSecurity' not found
2024-11-13 15:20:52.192 - System suspend detected! Reinitialize all remote connections.
2024-11-13 18:58:36.079 - DBeaver is stopping
2024-11-13 18:58:36.084 - Stop RMI server
2024-11-13 18:58:36.086 - RMI controller has been stopped
2024-11-13 18:58:36.087 - DBeaver shutdown completed
