2024-05-08 08:02:13.426 - DBeaver 23.0.2.202304091457 is starting
2024-05-08 08:02:13.427 - OS: Linux 6.5.0-28-generic (amd64)
2024-05-08 08:02:13.427 - Java version: 17.0.6 by Eclipse Adoptium (64bit)
2024-05-08 08:02:13.428 - Install path: '/usr/share/dbeaver-ce'
2024-05-08 08:02:13.428 - Instance path: 'file:/home/iteknia/Documents/ARCHIVOS/al_maletin/PROJET/ITEKNIA/MULIIX/'
2024-05-08 08:02:13.428 - Memory available 64Mb/1024Mb
2024-05-08 08:02:13.440 - Create display
2024-05-08 08:02:13.605 - Initializing DBeaver 23.0.2
2024-05-08 08:02:13.607 - Host plugin: org.jkiss.dbeaver.ui.app.standalone 23.0.2.202304091457
2024-05-08 08:02:13.608 - Initialize desktop platform...
2024-05-08 08:02:13.837 - BounceCastle bundle found. Use JCE provider BC
> Start Core File Systems [org.eclipse.core.filesystem 1.9.500.v20220817-1539]
> Start Core Resource Management [org.eclipse.core.resources 3.18.100.v20221025-2047]
> Start DBeaver UI Navigator [org.jkiss.dbeaver.ui.navigator 1.0.103.202304091457]
> Start Núcleo del equipo de soporte [org.eclipse.team.core 3.9.600.v20220902-2219]
2024-05-08 08:02:14.186 - Initialize base platform...
> Start Expression Language [org.eclipse.core.expressions 3.8.200.v20220613-1047]
2024-05-08 08:02:14.230 - Platform initialized (623ms)
> Start DBeaver UI Editors - Base [org.jkiss.dbeaver.ui.editors.base 1.0.103.202304091457]
2024-05-08 08:02:14.248 - Starting RMI server at 54361
2024-05-08 08:02:14.315 - Run workbench
> Start DBeaver UI [org.jkiss.dbeaver.ui 5.1.118.202304091457]
> Start Eclipse e4 Workbench SWT [org.eclipse.e4.ui.workbench.swt 0.16.700.v20221024-2137]
> Start Eclipse Application Services [org.eclipse.e4.core.services 2.3.400.v20220915-1347]
> Start Eclipse UI Application Services [org.eclipse.e4.ui.services 1.5.100.v20221024-2137]
> Start Eclipse e4 Progress View [org.eclipse.e4.ui.progress 0.3.600.v20221024-2137]
> Start EMF XML/XMI Persistence [org.eclipse.emf.ecore.xmi 2.17.0.v20220817-1334]
> Start Eclipse CSS SWT Theme Support [org.eclipse.e4.ui.css.swt.theme 0.13.200.v20221024-2137]
> Start Eclipse e4 Workbench Add-ons [org.eclipse.e4.ui.workbench.addons.swt 1.4.500.v20221028-0801]
> Start Eclipse e4 Workbench SWT Renderer [org.eclipse.e4.ui.workbench.renderers.swt 0.15.700.v20221024-2137]
> Start Eclipse Bindings Support [org.eclipse.e4.ui.bindings 0.13.200.v20221024-2137]
> Start Eclipse Dependency Injection Extensions [org.eclipse.e4.core.di.extensions 0.17.200.v20220613-1008]
> Start Eclipse CSS SWT Support [org.eclipse.e4.ui.css.swt 0.14.700.v20221102-0748]
Warning: NLS unused message: BlockedJobsDialog_UserInterfaceTreeElement in: org.eclipse.ui.internal.progress.messages
2024-05-08 08:02:16.800 - Configure workbench window
> Start Núcleo del sistema de ayuda [org.eclipse.help 3.9.100.v20210721-0601]
2024-05-08 08:02:16.970 - Create actions
2024-05-08 08:02:16.978 - Disable Eclipse action set 'org.eclipse.ui.edit.text.actionSet.annotationNavigation'
2024-05-08 08:02:16.979 - Disable Eclipse action set 'org.eclipse.ui.WorkingSetActionSet'
2024-05-08 08:02:16.979 - Disable Eclipse action set 'org.eclipse.ui.actionSet.openFiles'
Warning: NLS unused message: controls_client_homes_panel_button_add_home in: org.jkiss.dbeaver.core.CoreResources
Warning: NLS unused message: controls_client_homes_panel_button_remove_home in: org.jkiss.dbeaver.core.CoreResources
Warning: NLS unused message: controls_client_homes_panel_confirm_remove_home_text in: org.jkiss.dbeaver.core.CoreResources
Warning: NLS unused message: controls_client_homes_panel_confirm_remove_home_title in: org.jkiss.dbeaver.core.CoreResources
Warning: NLS unused message: controls_client_homes_panel_dialog_title in: org.jkiss.dbeaver.core.CoreResources
Warning: NLS unused message: controls_client_homes_panel_group_information in: org.jkiss.dbeaver.core.CoreResources
Warning: NLS unused message: controls_client_homes_panel_label_id in: org.jkiss.dbeaver.core.CoreResources
Warning: NLS unused message: controls_client_homes_panel_label_name in: org.jkiss.dbeaver.core.CoreResources
Warning: NLS unused message: controls_client_homes_panel_label_path in: org.jkiss.dbeaver.core.CoreResources
Warning: NLS unused message: controls_client_homes_panel_label_product_name in: org.jkiss.dbeaver.core.CoreResources
Warning: NLS unused message: controls_client_homes_panel_label_product_version in: org.jkiss.dbeaver.core.CoreResources
Warning: NLS unused message: actions_menu_reset_workspace_state_message in: org.jkiss.dbeaver.ui.app.standalone.internal.CoreApplicationMessages
Warning: NLS unused message: actions_menu_reset_workspace_state_title in: org.jkiss.dbeaver.ui.app.standalone.internal.CoreApplicationMessages
2024-05-08 08:02:17.629 - Initialize workbench window
2024-05-08 08:02:17.640 - Finish initialization
> Start Editor de texto predeterminado [org.eclipse.ui.editors 3.14.400.v20220730-1844]
> Start Entorno de trabajo [org.eclipse.ui.workbench.texteditor 3.16.600.v20220809-1658]
> Start DBeaver UI Editors - Data [org.jkiss.dbeaver.ui.editors.data 1.0.103.202304091457]
> Start DBeaver SQL Model [org.jkiss.dbeaver.model.sql 1.0.93.202304091457]
> Start DBeaver UI Editors - SQL [org.jkiss.dbeaver.ui.editors.sql 1.0.103.202304091457]
> Start Soporte de Core Compare [org.eclipse.compare.core 3.7.100.v20220812-1406]
> Start Equinox Java Authentication and Authorization Service (JAAS) [org.eclipse.equinox.security 1.3.1000.v20220801-1135]
> Start Java Native Access [com.sun.jna 5.12.1.v20221103-2317]
> Start Interfaz de usuario de manejo de conexión a Internet [org.eclipse.ui.net 1.4.100.v20220812-1406]
> Start Internet Connection Management [org.eclipse.core.net 1.4.0.v20220813-1037]
> Start DBeaver Sample Database [org.jkiss.dbeaver.ext.sample.database 1.0.140.202304091457]
> Start DBeaver Tip of the day [org.jkiss.dbeaver.ext.ui.tipoftheday 1.0.109.202304091457]
2024-05-08 08:02:19.941 - Total database drivers: 101 (101)
> Start Consola [org.eclipse.ui.console 3.11.400.v20221012-0524]
Warning: NLS unused message: InputStreamMonitor_label in: org.eclipse.debug.internal.core.DebugCoreMessages
Warning: NLS unused message: OutputStreamMonitor_label in: org.eclipse.debug.internal.core.DebugCoreMessages
> Start Núcleo de depuración [org.eclipse.debug.core 3.20.0.v20220811-0741]
2024-05-08 08:02:21.011 - Connect with 'ItekniaDB' (microsoft-18eec9a6eb0-46b1a1deaef42b3d)
> Start DBeaver SQL Server Support [org.jkiss.dbeaver.ext.mssql 1.0.197.202304091457]
2024-05-08 08:02:21.072 - Execution context opened (ItekniaDB; Main; 0)
2024-05-08 08:02:22.090 - Open [https://dbeaver.io/product/version.xml]
2024-05-08 08:02:27.014 - Execution context opened (ItekniaDB; Metadata; 1)
2024-05-08 08:02:34.694 - Execution context opened (ItekniaDB; SQLEditor <000 EXCEPCIONES ITEKNIA.sql>; 2)
2024-05-08 08:02:35.500 - Connected (microsoft-18eec9a6eb0-46b1a1deaef42b3d, Microsoft JDBC Driver 9.2 for SQL Server [9.2.0.0])
2024-05-08 08:02:35.504 - Execution context opened (ItekniaDB; SQLEditor <000 ALMACEN DIGITAL SAC.sql>; 3)
> Start Draw2d [org.eclipse.draw2dl 3.12.100.20230406122456]
> Start GEF3 GEF (MVC) [org.eclipse.gef3 3.12.100.20230406122456]
> Start DBeaver ERD UI [org.jkiss.dbeaver.erd.ui 3.0.63.202304091457]
> Start DBeaver Data Transfer [org.jkiss.dbeaver.data.transfer 2.0.87.202304091457]
2024-05-08 08:11:55.415 - Execution context closed (ItekniaDB, 2)
2024-05-08 12:33:37.879 - System suspend detected! Reinitialize all remote connections.
2024-05-09 07:28:16.092 - System suspend detected! Reinitialize all remote connections.
2024-05-10 06:43:34.505 - System suspend detected! Reinitialize all remote connections.
2024-05-10 19:14:52.889 - Execution context closed (ItekniaDB, 3)
2024-05-10 19:14:53.706 - DBeaver is stopping
2024-05-10 19:14:53.711 - Stop RMI server
2024-05-10 19:14:53.715 - RMI controller has been stopped
2024-05-10 19:14:53.722 - DBeaver shutdown completed
