2024-07-31 09:44:00.876 - DBeaver 23.0.2.202304091457 is starting
2024-07-31 09:44:00.877 - OS: Linux 6.5.0-44-generic (amd64)
2024-07-31 09:44:00.877 - Java version: 17.0.6 by Eclipse Adoptium (64bit)
2024-07-31 09:44:00.877 - Install path: '/usr/share/dbeaver-ce'
2024-07-31 09:44:00.877 - Instance path: 'file:/home/iteknia/Documents/ARCHIVOS/al_maletin/PROJET/ITEKNIA/MULIIX/'
2024-07-31 09:44:00.878 - Memory available 64Mb/1024Mb
2024-07-31 09:44:00.894 - Create display
2024-07-31 09:44:01.106 - Initializing DBeaver 23.0.2
2024-07-31 09:44:01.108 - Host plugin: org.jkiss.dbeaver.ui.app.standalone 23.0.2.202304091457
2024-07-31 09:44:01.108 - Initialize desktop platform...
2024-07-31 09:44:01.394 - BounceCastle bundle found. Use JCE provider BC
> Start Core File Systems [org.eclipse.core.filesystem 1.9.500.v20220817-1539]
> Start Core Resource Management [org.eclipse.core.resources 3.18.100.v20221025-2047]
> Start Núcleo del equipo de soporte [org.eclipse.team.core 3.9.600.v20220902-2219]
> Start DBeaver UI Navigator [org.jkiss.dbeaver.ui.navigator 1.0.103.202304091457]
2024-07-31 09:44:01.842 - Initialize base platform...
> Start Expression Language [org.eclipse.core.expressions 3.8.200.v20220613-1047]
2024-07-31 09:44:01.887 - Platform initialized (779ms)
> Start DBeaver UI Editors - Base [org.jkiss.dbeaver.ui.editors.base 1.0.103.202304091457]
2024-07-31 09:44:01.903 - Starting RMI server at 39722
2024-07-31 09:44:01.958 - Run workbench
> Start DBeaver UI [org.jkiss.dbeaver.ui 5.1.118.202304091457]
> Start Eclipse e4 Workbench SWT [org.eclipse.e4.ui.workbench.swt 0.16.700.v20221024-2137]
> Start Eclipse Application Services [org.eclipse.e4.core.services 2.3.400.v20220915-1347]
> Start Eclipse UI Application Services [org.eclipse.e4.ui.services 1.5.100.v20221024-2137]
> Start Eclipse e4 Progress View [org.eclipse.e4.ui.progress 0.3.600.v20221024-2137]
> Start EMF XML/XMI Persistence [org.eclipse.emf.ecore.xmi 2.17.0.v20220817-1334]
> Start Eclipse CSS SWT Theme Support [org.eclipse.e4.ui.css.swt.theme 0.13.200.v20221024-2137]
> Start Eclipse e4 Workbench Add-ons [org.eclipse.e4.ui.workbench.addons.swt 1.4.500.v20221028-0801]
> Start Eclipse e4 Workbench SWT Renderer [org.eclipse.e4.ui.workbench.renderers.swt 0.15.700.v20221024-2137]
> Start Eclipse Bindings Support [org.eclipse.e4.ui.bindings 0.13.200.v20221024-2137]
> Start Eclipse Dependency Injection Extensions [org.eclipse.e4.core.di.extensions 0.17.200.v20220613-1008]
> Start Eclipse CSS SWT Support [org.eclipse.e4.ui.css.swt 0.14.700.v20221102-0748]
Warning: NLS unused message: BlockedJobsDialog_UserInterfaceTreeElement in: org.eclipse.ui.internal.progress.messages
2024-07-31 09:44:04.883 - Configure workbench window
> Start Núcleo del sistema de ayuda [org.eclipse.help 3.9.100.v20210721-0601]
2024-07-31 09:44:05.147 - Create actions
2024-07-31 09:44:05.166 - Disable Eclipse action set 'org.eclipse.ui.edit.text.actionSet.annotationNavigation'
2024-07-31 09:44:05.167 - Disable Eclipse action set 'org.eclipse.ui.WorkingSetActionSet'
2024-07-31 09:44:05.167 - Disable Eclipse action set 'org.eclipse.ui.actionSet.openFiles'
Warning: NLS unused message: controls_client_homes_panel_button_add_home in: org.jkiss.dbeaver.core.CoreResources
Warning: NLS unused message: controls_client_homes_panel_button_remove_home in: org.jkiss.dbeaver.core.CoreResources
Warning: NLS unused message: controls_client_homes_panel_confirm_remove_home_text in: org.jkiss.dbeaver.core.CoreResources
Warning: NLS unused message: controls_client_homes_panel_confirm_remove_home_title in: org.jkiss.dbeaver.core.CoreResources
Warning: NLS unused message: controls_client_homes_panel_dialog_title in: org.jkiss.dbeaver.core.CoreResources
Warning: NLS unused message: controls_client_homes_panel_group_information in: org.jkiss.dbeaver.core.CoreResources
Warning: NLS unused message: controls_client_homes_panel_label_id in: org.jkiss.dbeaver.core.CoreResources
Warning: NLS unused message: controls_client_homes_panel_label_name in: org.jkiss.dbeaver.core.CoreResources
Warning: NLS unused message: controls_client_homes_panel_label_path in: org.jkiss.dbeaver.core.CoreResources
Warning: NLS unused message: controls_client_homes_panel_label_product_name in: org.jkiss.dbeaver.core.CoreResources
Warning: NLS unused message: controls_client_homes_panel_label_product_version in: org.jkiss.dbeaver.core.CoreResources
Warning: NLS unused message: actions_menu_reset_workspace_state_message in: org.jkiss.dbeaver.ui.app.standalone.internal.CoreApplicationMessages
Warning: NLS unused message: actions_menu_reset_workspace_state_title in: org.jkiss.dbeaver.ui.app.standalone.internal.CoreApplicationMessages
2024-07-31 09:44:06.352 - Initialize workbench window
2024-07-31 09:44:06.363 - Finish initialization
> Start Equinox Java Authentication and Authorization Service (JAAS) [org.eclipse.equinox.security 1.3.1000.v20220801-1135]
> Start Java Native Access [com.sun.jna 5.12.1.v20221103-2317]
> Start Interfaz de usuario de manejo de conexión a Internet [org.eclipse.ui.net 1.4.100.v20220812-1406]
> Start Internet Connection Management [org.eclipse.core.net 1.4.0.v20220813-1037]
> Start DBeaver UI Editors - Data [org.jkiss.dbeaver.ui.editors.data 1.0.103.202304091457]
> Start DBeaver Sample Database [org.jkiss.dbeaver.ext.sample.database 1.0.140.202304091457]
> Start DBeaver Tip of the day [org.jkiss.dbeaver.ext.ui.tipoftheday 1.0.109.202304091457]
> Start DBeaver SQL Model [org.jkiss.dbeaver.model.sql 1.0.93.202304091457]
> Start DBeaver UI Editors - SQL [org.jkiss.dbeaver.ui.editors.sql 1.0.103.202304091457]
> Start Draw2d [org.eclipse.draw2dl 3.12.100.20230406122456]
> Start GEF3 GEF (MVC) [org.eclipse.gef3 3.12.100.20230406122456]
> Start DBeaver ERD UI [org.jkiss.dbeaver.erd.ui 3.0.63.202304091457]
> Start DBeaver ERD Model [org.jkiss.dbeaver.erd.model 1.0.63.202304091457]
2024-07-31 09:44:08.431 - Total database drivers: 101 (101)
> Start Editor de texto predeterminado [org.eclipse.ui.editors 3.14.400.v20220730-1844]
> Start Entorno de trabajo [org.eclipse.ui.workbench.texteditor 3.16.600.v20220809-1658]
2024-07-31 09:44:10.598 - Open [https://dbeaver.io/product/version.xml]
> Start Soporte de Core Compare [org.eclipse.compare.core 3.7.100.v20220812-1406]
> Start Consola [org.eclipse.ui.console 3.11.400.v20221012-0524]
Warning: NLS unused message: InputStreamMonitor_label in: org.eclipse.debug.internal.core.DebugCoreMessages
Warning: NLS unused message: OutputStreamMonitor_label in: org.eclipse.debug.internal.core.DebugCoreMessages
> Start Núcleo de depuración [org.eclipse.debug.core 3.20.0.v20220811-0741]
2024-07-31 09:44:41.961 - Connect with 'ItekniaDB' (microsoft-18eec9a6eb0-46b1a1deaef42b3d)
> Start DBeaver SQL Server Support [org.jkiss.dbeaver.ext.mssql 1.0.197.202304091457]
2024-07-31 09:44:42.001 - Execution context opened (ItekniaDB; Main; 0)
2024-07-31 09:44:42.324 - Execution context opened (ItekniaDB; Metadata; 1)
2024-07-31 09:44:43.301 - Connected (microsoft-18eec9a6eb0-46b1a1deaef42b3d, Microsoft JDBC Driver 9.2 for SQL Server [9.2.0.0])
2024-07-31 09:44:43.346 - Execution context opened (ItekniaDB; SQLEditor <000 EXCEPCIONES ITEKNIA.sql>; 2)
2024-07-31 10:04:27.269 - Table not found. 
com.microsoft.sqlserver.jdbc.SQLServerException: Socket closed
	at com.microsoft.sqlserver.jdbc.SQLServerConnection.terminate(SQLServerConnection.java:3208)
	at com.microsoft.sqlserver.jdbc.TDSChannel.read(IOBuffer.java:2066)
	at com.microsoft.sqlserver.jdbc.TDSReader.readPacket(IOBuffer.java:6617)
	at com.microsoft.sqlserver.jdbc.TDSCommand.startResponse(IOBuffer.java:7803)
	at com.microsoft.sqlserver.jdbc.SQLServerStatement.doExecuteStatement(SQLServerStatement.java:870)
	at com.microsoft.sqlserver.jdbc.SQLServerStatement$StmtExecCmd.doExecute(SQLServerStatement.java:767)
	at com.microsoft.sqlserver.jdbc.TDSCommand.execute(IOBuffer.java:7418)
	at com.microsoft.sqlserver.jdbc.SQLServerConnection.executeCommand(SQLServerConnection.java:3274)
	at com.microsoft.sqlserver.jdbc.SQLServerStatement.executeCommand(SQLServerStatement.java:247)
	at com.microsoft.sqlserver.jdbc.SQLServerStatement.executeStatement(SQLServerStatement.java:222)
	at com.microsoft.sqlserver.jdbc.SQLServerStatement.executeQueryInternal(SQLServerStatement.java:699)
	at com.microsoft.sqlserver.jdbc.SQLServerConnection.getSchema(SQLServerConnection.java:5698)
	at org.jkiss.dbeaver.ext.mssql.SQLServerUtils.getTableFromQuery(SQLServerUtils.java:345)
	at org.jkiss.dbeaver.ext.mssql.model.SQLServerDataSource.isForceTransform(SQLServerDataSource.java:539)
	at org.jkiss.dbeaver.model.DBUtils.makeStatement(DBUtils.java:1379)
	at org.jkiss.dbeaver.ui.editors.sql.execute.SQLQueryJob.executeStatement(SQLQueryJob.java:558)
	at org.jkiss.dbeaver.ui.editors.sql.execute.SQLQueryJob.lambda$1(SQLQueryJob.java:491)
	at org.jkiss.dbeaver.model.exec.DBExecUtils.tryExecuteRecover(DBExecUtils.java:189)
	at org.jkiss.dbeaver.ui.editors.sql.execute.SQLQueryJob.executeSingleQuery(SQLQueryJob.java:498)
	at org.jkiss.dbeaver.ui.editors.sql.execute.SQLQueryJob.extractData(SQLQueryJob.java:934)
	at org.jkiss.dbeaver.ui.editors.sql.SQLEditor$QueryResultsContainer.readData(SQLEditor.java:3864)
	at org.jkiss.dbeaver.ui.controls.resultset.ResultSetJobDataRead.lambda$0(ResultSetJobDataRead.java:123)
	at org.jkiss.dbeaver.model.exec.DBExecUtils.tryExecuteRecover(DBExecUtils.java:189)
	at org.jkiss.dbeaver.ui.controls.resultset.ResultSetJobDataRead.run(ResultSetJobDataRead.java:121)
	at org.jkiss.dbeaver.ui.controls.resultset.ResultSetViewer$ResultSetDataPumpJob.run(ResultSetViewer.java:5091)
	at org.jkiss.dbeaver.model.runtime.AbstractJob.run(AbstractJob.java:105)
	at org.eclipse.core.internal.jobs.Worker.run(Worker.java:63)
Caused by: java.net.SocketException: Socket closed
	at java.base/sun.nio.ch.NioSocketImpl.endRead(Unknown Source)
	at java.base/sun.nio.ch.NioSocketImpl.implRead(Unknown Source)
	at java.base/sun.nio.ch.NioSocketImpl.read(Unknown Source)
	at java.base/sun.nio.ch.NioSocketImpl$1.read(Unknown Source)
	at java.base/java.net.Socket$SocketInputStream.read(Unknown Source)
	at com.microsoft.sqlserver.jdbc.TDSChannel.read(IOBuffer.java:2058)
	... 25 more
2024-07-31 10:04:27.291 - Table not found. 
com.microsoft.sqlserver.jdbc.SQLServerException: La conexión está cerrada.
	at com.microsoft.sqlserver.jdbc.SQLServerException.makeFromDriverError(SQLServerException.java:234)
	at com.microsoft.sqlserver.jdbc.SQLServerConnection.checkClosed(SQLServerConnection.java:1217)
	at com.microsoft.sqlserver.jdbc.SQLServerConnection.getCatalog(SQLServerConnection.java:3681)
	at org.jkiss.dbeaver.ext.mssql.SQLServerUtils.getTableFromQuery(SQLServerUtils.java:336)
	at org.jkiss.dbeaver.ext.mssql.model.SQLServerDataSource.isForceTransform(SQLServerDataSource.java:539)
	at org.jkiss.dbeaver.model.DBUtils.makeStatement(DBUtils.java:1379)
	at org.jkiss.dbeaver.ui.editors.sql.execute.SQLQueryJob.executeStatement(SQLQueryJob.java:558)
	at org.jkiss.dbeaver.ui.editors.sql.execute.SQLQueryJob.lambda$1(SQLQueryJob.java:491)
	at org.jkiss.dbeaver.model.exec.DBExecUtils.tryExecuteRecover(DBExecUtils.java:189)
	at org.jkiss.dbeaver.ui.editors.sql.execute.SQLQueryJob.executeSingleQuery(SQLQueryJob.java:498)
	at org.jkiss.dbeaver.ui.editors.sql.execute.SQLQueryJob.extractData(SQLQueryJob.java:934)
	at org.jkiss.dbeaver.ui.editors.sql.SQLEditor$QueryResultsContainer.readData(SQLEditor.java:3864)
	at org.jkiss.dbeaver.ui.controls.resultset.ResultSetJobDataRead.lambda$0(ResultSetJobDataRead.java:123)
	at org.jkiss.dbeaver.model.exec.DBExecUtils.tryExecuteRecover(DBExecUtils.java:189)
	at org.jkiss.dbeaver.ui.controls.resultset.ResultSetJobDataRead.run(ResultSetJobDataRead.java:121)
	at org.jkiss.dbeaver.ui.controls.resultset.ResultSetViewer$ResultSetDataPumpJob.run(ResultSetViewer.java:5091)
	at org.jkiss.dbeaver.model.runtime.AbstractJob.run(AbstractJob.java:105)
	at org.eclipse.core.internal.jobs.Worker.run(Worker.java:63)
2024-07-31 10:04:27.295 - Can't check for connection warnings
com.microsoft.sqlserver.jdbc.SQLServerException: La conexión está cerrada.
	at com.microsoft.sqlserver.jdbc.SQLServerException.makeFromDriverError(SQLServerException.java:234)
	at com.microsoft.sqlserver.jdbc.SQLServerConnection.checkClosed(SQLServerConnection.java:1217)
	at com.microsoft.sqlserver.jdbc.SQLServerConnection.getWarnings(SQLServerConnection.java:3721)
	at org.jkiss.dbeaver.model.impl.jdbc.exec.JDBCConnectionImpl.close(JDBCConnectionImpl.java:327)
	at org.jkiss.dbeaver.ui.controls.resultset.ResultSetJobDataRead.run(ResultSetJobDataRead.java:136)
	at org.jkiss.dbeaver.ui.controls.resultset.ResultSetViewer$ResultSetDataPumpJob.run(ResultSetViewer.java:5091)
	at org.jkiss.dbeaver.model.runtime.AbstractJob.run(AbstractJob.java:105)
	at org.eclipse.core.internal.jobs.Worker.run(Worker.java:63)
2024-07-31 10:04:27.530 - SQL Error [08S01]: La conexión está cerrada.
org.jkiss.dbeaver.model.impl.jdbc.JDBCException: SQL Error [08S01]: La conexión está cerrada.
	at org.jkiss.dbeaver.model.impl.jdbc.exec.JDBCConnectionImpl.prepareStatement(JDBCConnectionImpl.java:209)
	at org.jkiss.dbeaver.model.impl.jdbc.exec.JDBCConnectionImpl.prepareStatement(JDBCConnectionImpl.java:1)
	at org.jkiss.dbeaver.model.DBUtils.createStatement(DBUtils.java:1448)
	at org.jkiss.dbeaver.model.DBUtils.makeStatement(DBUtils.java:1414)
	at org.jkiss.dbeaver.ui.editors.sql.execute.SQLQueryJob.executeStatement(SQLQueryJob.java:558)
	at org.jkiss.dbeaver.ui.editors.sql.execute.SQLQueryJob.lambda$1(SQLQueryJob.java:491)
	at org.jkiss.dbeaver.model.exec.DBExecUtils.tryExecuteRecover(DBExecUtils.java:189)
	at org.jkiss.dbeaver.ui.editors.sql.execute.SQLQueryJob.executeSingleQuery(SQLQueryJob.java:498)
	at org.jkiss.dbeaver.ui.editors.sql.execute.SQLQueryJob.extractData(SQLQueryJob.java:934)
	at org.jkiss.dbeaver.ui.editors.sql.SQLEditor$QueryResultsContainer.readData(SQLEditor.java:3864)
	at org.jkiss.dbeaver.ui.controls.resultset.ResultSetJobDataRead.lambda$0(ResultSetJobDataRead.java:123)
	at org.jkiss.dbeaver.model.exec.DBExecUtils.tryExecuteRecover(DBExecUtils.java:189)
	at org.jkiss.dbeaver.ui.controls.resultset.ResultSetJobDataRead.run(ResultSetJobDataRead.java:121)
	at org.jkiss.dbeaver.ui.controls.resultset.ResultSetViewer$ResultSetDataPumpJob.run(ResultSetViewer.java:5091)
	at org.jkiss.dbeaver.model.runtime.AbstractJob.run(AbstractJob.java:105)
	at org.eclipse.core.internal.jobs.Worker.run(Worker.java:63)
Caused by: com.microsoft.sqlserver.jdbc.SQLServerException: La conexión está cerrada.
	at com.microsoft.sqlserver.jdbc.SQLServerException.makeFromDriverError(SQLServerException.java:234)
	at com.microsoft.sqlserver.jdbc.SQLServerConnection.checkClosed(SQLServerConnection.java:1217)
	at com.microsoft.sqlserver.jdbc.SQLServerConnection.createStatement(SQLServerConnection.java:3756)
	at org.jkiss.dbeaver.model.impl.jdbc.exec.JDBCConnectionImpl.createStatement(JDBCConnectionImpl.java:413)
	at org.jkiss.dbeaver.model.impl.jdbc.exec.JDBCConnectionImpl.prepareStatement(JDBCConnectionImpl.java:131)
	... 15 more
2024-07-31 10:04:30.528 - Table not found. 
com.microsoft.sqlserver.jdbc.SQLServerException: La conexión está cerrada.
	at com.microsoft.sqlserver.jdbc.SQLServerException.makeFromDriverError(SQLServerException.java:234)
	at com.microsoft.sqlserver.jdbc.SQLServerConnection.checkClosed(SQLServerConnection.java:1217)
	at com.microsoft.sqlserver.jdbc.SQLServerConnection.getCatalog(SQLServerConnection.java:3681)
	at org.jkiss.dbeaver.ext.mssql.SQLServerUtils.getTableFromQuery(SQLServerUtils.java:336)
	at org.jkiss.dbeaver.ext.mssql.model.SQLServerDataSource.isForceTransform(SQLServerDataSource.java:539)
	at org.jkiss.dbeaver.model.DBUtils.makeStatement(DBUtils.java:1379)
	at org.jkiss.dbeaver.ui.editors.sql.execute.SQLQueryJob.executeStatement(SQLQueryJob.java:558)
	at org.jkiss.dbeaver.ui.editors.sql.execute.SQLQueryJob.lambda$1(SQLQueryJob.java:491)
	at org.jkiss.dbeaver.model.exec.DBExecUtils.tryExecuteRecover(DBExecUtils.java:189)
	at org.jkiss.dbeaver.ui.editors.sql.execute.SQLQueryJob.executeSingleQuery(SQLQueryJob.java:498)
	at org.jkiss.dbeaver.ui.editors.sql.execute.SQLQueryJob.extractData(SQLQueryJob.java:934)
	at org.jkiss.dbeaver.ui.editors.sql.SQLEditor$QueryResultsContainer.readData(SQLEditor.java:3864)
	at org.jkiss.dbeaver.ui.controls.resultset.ResultSetJobDataRead.lambda$0(ResultSetJobDataRead.java:123)
	at org.jkiss.dbeaver.model.exec.DBExecUtils.tryExecuteRecover(DBExecUtils.java:189)
	at org.jkiss.dbeaver.ui.controls.resultset.ResultSetJobDataRead.run(ResultSetJobDataRead.java:121)
	at org.jkiss.dbeaver.ui.controls.resultset.ResultSetViewer$ResultSetDataPumpJob.run(ResultSetViewer.java:5091)
	at org.jkiss.dbeaver.model.runtime.AbstractJob.run(AbstractJob.java:105)
	at org.eclipse.core.internal.jobs.Worker.run(Worker.java:63)
2024-07-31 10:04:30.530 - Invalidate datasource 'ItekniaDB' connections...
2024-07-31 10:04:30.535 - Invalidate datasource 'ItekniaDB' (microsoft-18eec9a6eb0-46b1a1deaef42b3d)
2024-07-31 10:04:30.536 - 	Invalidate context 'Main' for microsoft-18eec9a6eb0-46b1a1deaef42b3d
2024-07-31 10:04:30.586 - Execution context closed (ItekniaDB, 0)
2024-07-31 10:04:30.685 - 	Invalidate context 'Metadata' for microsoft-18eec9a6eb0-46b1a1deaef42b3d
2024-07-31 10:04:30.686 - Execution context closed (ItekniaDB, 1)
2024-07-31 10:04:30.730 - 	Invalidate context 'SQLEditor <000 EXCEPCIONES ITEKNIA.sql>' for microsoft-18eec9a6eb0-46b1a1deaef42b3d
2024-07-31 10:04:30.780 - Execution context closed (ItekniaDB, 2)
2024-07-31 10:04:30.822 - Operation failed. Retry count remains = 1
org.jkiss.dbeaver.model.impl.jdbc.JDBCException: SQL Error [08S01]: La conexión está cerrada.
	at org.jkiss.dbeaver.model.impl.jdbc.exec.JDBCConnectionImpl.prepareStatement(JDBCConnectionImpl.java:209)
	at org.jkiss.dbeaver.model.impl.jdbc.exec.JDBCConnectionImpl.prepareStatement(JDBCConnectionImpl.java:1)
	at org.jkiss.dbeaver.model.DBUtils.createStatement(DBUtils.java:1448)
	at org.jkiss.dbeaver.model.DBUtils.makeStatement(DBUtils.java:1414)
	at org.jkiss.dbeaver.ui.editors.sql.execute.SQLQueryJob.executeStatement(SQLQueryJob.java:558)
	at org.jkiss.dbeaver.ui.editors.sql.execute.SQLQueryJob.lambda$1(SQLQueryJob.java:491)
	at org.jkiss.dbeaver.model.exec.DBExecUtils.tryExecuteRecover(DBExecUtils.java:189)
	at org.jkiss.dbeaver.ui.editors.sql.execute.SQLQueryJob.executeSingleQuery(SQLQueryJob.java:498)
	at org.jkiss.dbeaver.ui.editors.sql.execute.SQLQueryJob.extractData(SQLQueryJob.java:934)
	at org.jkiss.dbeaver.ui.editors.sql.SQLEditor$QueryResultsContainer.readData(SQLEditor.java:3864)
	at org.jkiss.dbeaver.ui.controls.resultset.ResultSetJobDataRead.lambda$0(ResultSetJobDataRead.java:123)
	at org.jkiss.dbeaver.model.exec.DBExecUtils.tryExecuteRecover(DBExecUtils.java:189)
	at org.jkiss.dbeaver.ui.controls.resultset.ResultSetJobDataRead.run(ResultSetJobDataRead.java:121)
	at org.jkiss.dbeaver.ui.controls.resultset.ResultSetViewer$ResultSetDataPumpJob.run(ResultSetViewer.java:5091)
	at org.jkiss.dbeaver.model.runtime.AbstractJob.run(AbstractJob.java:105)
	at org.eclipse.core.internal.jobs.Worker.run(Worker.java:63)
Caused by: com.microsoft.sqlserver.jdbc.SQLServerException: La conexión está cerrada.
	at com.microsoft.sqlserver.jdbc.SQLServerException.makeFromDriverError(SQLServerException.java:234)
	at com.microsoft.sqlserver.jdbc.SQLServerConnection.checkClosed(SQLServerConnection.java:1217)
	at com.microsoft.sqlserver.jdbc.SQLServerConnection.createStatement(SQLServerConnection.java:3756)
	at org.jkiss.dbeaver.model.impl.jdbc.exec.JDBCConnectionImpl.createStatement(JDBCConnectionImpl.java:413)
	at org.jkiss.dbeaver.model.impl.jdbc.exec.JDBCConnectionImpl.prepareStatement(JDBCConnectionImpl.java:131)
	... 15 more
2024-07-31 12:35:44.192 - System suspend detected! Reinitialize all remote connections.
2024-07-31 18:17:41.460 - Invalidate datasource 'ItekniaDB' connections...
2024-07-31 18:17:41.473 - Invalidate datasource 'ItekniaDB' (microsoft-18eec9a6eb0-46b1a1deaef42b3d)
2024-07-31 18:17:41.473 - 	Invalidate context 'Main' for microsoft-18eec9a6eb0-46b1a1deaef42b3d
2024-07-31 18:17:41.524 - Execution context closed (ItekniaDB, 0)
2024-07-31 18:17:41.848 - 	Invalidate context 'Metadata' for microsoft-18eec9a6eb0-46b1a1deaef42b3d
2024-07-31 18:17:41.900 - Execution context closed (ItekniaDB, 1)
2024-07-31 18:17:41.993 - 	Invalidate context 'SQLEditor <000 EXCEPCIONES ITEKNIA.sql>' for microsoft-18eec9a6eb0-46b1a1deaef42b3d
2024-07-31 18:17:42.050 - Execution context closed (ItekniaDB, 2)
2024-07-31 18:17:42.154 - Operation failed. Retry count remains = 1
org.jkiss.dbeaver.model.sql.DBSQLException: SQL Error [08S01]: Expiró el tiempo de conexión
	at org.jkiss.dbeaver.model.impl.jdbc.exec.JDBCPreparedStatementImpl.executeStatement(JDBCPreparedStatementImpl.java:208)
	at org.jkiss.dbeaver.model.impl.jdbc.cache.JDBCObjectCache.loadObjects(JDBCObjectCache.java:109)
	at org.jkiss.dbeaver.model.impl.jdbc.cache.JDBCObjectCache.getAllObjects(JDBCObjectCache.java:73)
	at org.jkiss.dbeaver.ext.mssql.model.SQLServerSchema.getChildren(SQLServerSchema.java:266)
	at org.jkiss.dbeaver.ext.mssql.model.SQLServerSchema.getChildren(SQLServerSchema.java:1)
	at org.jkiss.dbeaver.model.sql.completion.SQLCompletionAnalyzer.makeProposalsFromChildren(SQLCompletionAnalyzer.java:1118)
	at org.jkiss.dbeaver.model.sql.completion.SQLCompletionAnalyzer.makeDataSourceProposals(SQLCompletionAnalyzer.java:888)
	at org.jkiss.dbeaver.model.sql.completion.SQLCompletionAnalyzer.runAnalyzer(SQLCompletionAnalyzer.java:310)
	at org.jkiss.dbeaver.model.sql.completion.SQLCompletionAnalyzer.runAnalyzer(SQLCompletionAnalyzer.java:103)
	at org.jkiss.dbeaver.model.sql.completion.SQLCompletionAnalyzer.run(SQLCompletionAnalyzer.java:87)
	at org.jkiss.dbeaver.model.sql.completion.SQLCompletionAnalyzer.run(SQLCompletionAnalyzer.java:1)
	at org.jkiss.dbeaver.model.exec.DBExecUtils.tryExecuteRecover(DBExecUtils.java:189)
	at org.jkiss.dbeaver.ui.editors.sql.syntax.SQLCompletionProcessor$ProposalSearchJob.run(SQLCompletionProcessor.java:334)
	at org.jkiss.dbeaver.model.runtime.AbstractJob.run(AbstractJob.java:105)
	at org.eclipse.core.internal.jobs.Worker.run(Worker.java:63)
Caused by: com.microsoft.sqlserver.jdbc.SQLServerException: Expiró el tiempo de conexión
	at com.microsoft.sqlserver.jdbc.SQLServerConnection.terminate(SQLServerConnection.java:3208)
	at com.microsoft.sqlserver.jdbc.TDSChannel.write(IOBuffer.java:2080)
	at com.microsoft.sqlserver.jdbc.TDSWriter.flush(IOBuffer.java:4323)
	at com.microsoft.sqlserver.jdbc.TDSWriter.writePacket(IOBuffer.java:4225)
	at com.microsoft.sqlserver.jdbc.TDSWriter.endMessage(IOBuffer.java:3269)
	at com.microsoft.sqlserver.jdbc.TDSCommand.startResponse(IOBuffer.java:7780)
	at com.microsoft.sqlserver.jdbc.SQLServerPreparedStatement.doExecutePreparedStatement(SQLServerPreparedStatement.java:600)
	at com.microsoft.sqlserver.jdbc.SQLServerPreparedStatement$PrepStmtExecCmd.doExecute(SQLServerPreparedStatement.java:524)
	at com.microsoft.sqlserver.jdbc.TDSCommand.execute(IOBuffer.java:7418)
	at com.microsoft.sqlserver.jdbc.SQLServerConnection.executeCommand(SQLServerConnection.java:3274)
	at com.microsoft.sqlserver.jdbc.SQLServerStatement.executeCommand(SQLServerStatement.java:247)
	at com.microsoft.sqlserver.jdbc.SQLServerStatement.executeStatement(SQLServerStatement.java:222)
	at com.microsoft.sqlserver.jdbc.SQLServerPreparedStatement.execute(SQLServerPreparedStatement.java:505)
	at org.jkiss.dbeaver.model.impl.jdbc.exec.JDBCPreparedStatementImpl.execute(JDBCPreparedStatementImpl.java:261)
	at org.jkiss.dbeaver.model.impl.jdbc.exec.JDBCPreparedStatementImpl.executeStatement(JDBCPreparedStatementImpl.java:205)
	... 14 more
Caused by: java.net.SocketException: Expiró el tiempo de conexión
	at java.base/sun.nio.ch.NioSocketImpl.implWrite(Unknown Source)
	at java.base/sun.nio.ch.NioSocketImpl.write(Unknown Source)
	at java.base/sun.nio.ch.NioSocketImpl$2.write(Unknown Source)
	at java.base/java.net.Socket$SocketOutputStream.write(Unknown Source)
	at com.microsoft.sqlserver.jdbc.TDSChannel.write(IOBuffer.java:2075)
	... 27 more
2024-07-31 18:22:17.526 - Execution context closed (ItekniaDB, 2)
2024-07-31 18:22:18.183 - DBeaver is stopping
2024-07-31 18:22:18.185 - Stop RMI server
2024-07-31 18:22:18.188 - RMI controller has been stopped
2024-07-31 18:22:18.189 - DBeaver shutdown completed
