2024-08-07 09:42:58.646 - DBeaver 23.0.2.202304091457 is starting
2024-08-07 09:42:58.646 - OS: Linux 6.5.0-45-generic (amd64)
2024-08-07 09:42:58.647 - Java version: 17.0.6 by Eclipse Adoptium (64bit)
2024-08-07 09:42:58.647 - Install path: '/usr/share/dbeaver-ce'
2024-08-07 09:42:58.647 - Instance path: 'file:/home/iteknia/Documents/ARCHIVOS/al_maletin/PROJET/ITEKNIA/MULIIX/'
2024-08-07 09:42:58.647 - Memory available 64Mb/1024Mb
2024-08-07 09:42:58.675 - Create display
2024-08-07 09:42:58.943 - Initializing DBeaver 23.0.2
2024-08-07 09:42:58.945 - Host plugin: org.jkiss.dbeaver.ui.app.standalone 23.0.2.202304091457
2024-08-07 09:42:58.948 - Initialize desktop platform...
2024-08-07 09:42:59.309 - BounceCastle bundle found. Use JCE provider BC
> Start Core File Systems [org.eclipse.core.filesystem 1.9.500.v20220817-1539]
> Start Core Resource Management [org.eclipse.core.resources 3.18.100.v20221025-2047]
> Start Núcleo del equipo de soporte [org.eclipse.team.core 3.9.600.v20220902-2219]
> Start DBeaver UI Navigator [org.jkiss.dbeaver.ui.navigator 1.0.103.202304091457]
2024-08-07 09:42:59.870 - Initialize base platform...
> Start Expression Language [org.eclipse.core.expressions 3.8.200.v20220613-1047]
2024-08-07 09:42:59.929 - Platform initialized (981ms)
> Start DBeaver UI Editors - Base [org.jkiss.dbeaver.ui.editors.base 1.0.103.202304091457]
2024-08-07 09:42:59.956 - Starting RMI server at 24799
2024-08-07 09:43:00.048 - Run workbench
> Start DBeaver UI [org.jkiss.dbeaver.ui 5.1.118.202304091457]
> Start Eclipse e4 Workbench SWT [org.eclipse.e4.ui.workbench.swt 0.16.700.v20221024-2137]
> Start Eclipse Application Services [org.eclipse.e4.core.services 2.3.400.v20220915-1347]
> Start Eclipse UI Application Services [org.eclipse.e4.ui.services 1.5.100.v20221024-2137]
> Start Eclipse e4 Progress View [org.eclipse.e4.ui.progress 0.3.600.v20221024-2137]
> Start EMF XML/XMI Persistence [org.eclipse.emf.ecore.xmi 2.17.0.v20220817-1334]
> Start Eclipse CSS SWT Theme Support [org.eclipse.e4.ui.css.swt.theme 0.13.200.v20221024-2137]
> Start Eclipse e4 Workbench Add-ons [org.eclipse.e4.ui.workbench.addons.swt 1.4.500.v20221028-0801]
> Start Eclipse e4 Workbench SWT Renderer [org.eclipse.e4.ui.workbench.renderers.swt 0.15.700.v20221024-2137]
> Start Eclipse Bindings Support [org.eclipse.e4.ui.bindings 0.13.200.v20221024-2137]
> Start Eclipse Dependency Injection Extensions [org.eclipse.e4.core.di.extensions 0.17.200.v20220613-1008]
> Start Eclipse CSS SWT Support [org.eclipse.e4.ui.css.swt 0.14.700.v20221102-0748]
Warning: NLS unused message: BlockedJobsDialog_UserInterfaceTreeElement in: org.eclipse.ui.internal.progress.messages
2024-08-07 09:43:03.437 - Configure workbench window
> Start Núcleo del sistema de ayuda [org.eclipse.help 3.9.100.v20210721-0601]
2024-08-07 09:43:03.658 - Create actions
2024-08-07 09:43:03.666 - Disable Eclipse action set 'org.eclipse.ui.edit.text.actionSet.annotationNavigation'
2024-08-07 09:43:03.667 - Disable Eclipse action set 'org.eclipse.ui.WorkingSetActionSet'
2024-08-07 09:43:03.667 - Disable Eclipse action set 'org.eclipse.ui.actionSet.openFiles'
Warning: NLS unused message: controls_client_homes_panel_button_add_home in: org.jkiss.dbeaver.core.CoreResources
Warning: NLS unused message: controls_client_homes_panel_button_remove_home in: org.jkiss.dbeaver.core.CoreResources
Warning: NLS unused message: controls_client_homes_panel_confirm_remove_home_text in: org.jkiss.dbeaver.core.CoreResources
Warning: NLS unused message: controls_client_homes_panel_confirm_remove_home_title in: org.jkiss.dbeaver.core.CoreResources
Warning: NLS unused message: controls_client_homes_panel_dialog_title in: org.jkiss.dbeaver.core.CoreResources
Warning: NLS unused message: controls_client_homes_panel_group_information in: org.jkiss.dbeaver.core.CoreResources
Warning: NLS unused message: controls_client_homes_panel_label_id in: org.jkiss.dbeaver.core.CoreResources
Warning: NLS unused message: controls_client_homes_panel_label_name in: org.jkiss.dbeaver.core.CoreResources
Warning: NLS unused message: controls_client_homes_panel_label_path in: org.jkiss.dbeaver.core.CoreResources
Warning: NLS unused message: controls_client_homes_panel_label_product_name in: org.jkiss.dbeaver.core.CoreResources
Warning: NLS unused message: controls_client_homes_panel_label_product_version in: org.jkiss.dbeaver.core.CoreResources
Warning: NLS unused message: actions_menu_reset_workspace_state_message in: org.jkiss.dbeaver.ui.app.standalone.internal.CoreApplicationMessages
Warning: NLS unused message: actions_menu_reset_workspace_state_title in: org.jkiss.dbeaver.ui.app.standalone.internal.CoreApplicationMessages
2024-08-07 09:43:04.578 - Initialize workbench window
2024-08-07 09:43:04.589 - Finish initialization
> Start Editor de texto predeterminado [org.eclipse.ui.editors 3.14.400.v20220730-1844]
> Start Entorno de trabajo [org.eclipse.ui.workbench.texteditor 3.16.600.v20220809-1658]
> Start DBeaver UI Editors - Data [org.jkiss.dbeaver.ui.editors.data 1.0.103.202304091457]
> Start DBeaver SQL Model [org.jkiss.dbeaver.model.sql 1.0.93.202304091457]
> Start DBeaver UI Editors - SQL [org.jkiss.dbeaver.ui.editors.sql 1.0.103.202304091457]
> Start Soporte de Core Compare [org.eclipse.compare.core 3.7.100.v20220812-1406]
> Start Equinox Java Authentication and Authorization Service (JAAS) [org.eclipse.equinox.security 1.3.1000.v20220801-1135]
> Start Java Native Access [com.sun.jna 5.12.1.v20221103-2317]
> Start Interfaz de usuario de manejo de conexión a Internet [org.eclipse.ui.net 1.4.100.v20220812-1406]
> Start Internet Connection Management [org.eclipse.core.net 1.4.0.v20220813-1037]
> Start DBeaver Sample Database [org.jkiss.dbeaver.ext.sample.database 1.0.140.202304091457]
> Start DBeaver Tip of the day [org.jkiss.dbeaver.ext.ui.tipoftheday 1.0.109.202304091457]
> Start Draw2d [org.eclipse.draw2dl 3.12.100.20230406122456]
> Start GEF3 GEF (MVC) [org.eclipse.gef3 3.12.100.20230406122456]
> Start DBeaver ERD UI [org.jkiss.dbeaver.erd.ui 3.0.63.202304091457]
> Start DBeaver ERD Model [org.jkiss.dbeaver.erd.model 1.0.63.202304091457]
2024-08-07 09:43:08.310 - Total database drivers: 101 (101)
> Start Consola [org.eclipse.ui.console 3.11.400.v20221012-0524]
Warning: NLS unused message: InputStreamMonitor_label in: org.eclipse.debug.internal.core.DebugCoreMessages
Warning: NLS unused message: OutputStreamMonitor_label in: org.eclipse.debug.internal.core.DebugCoreMessages
> Start Núcleo de depuración [org.eclipse.debug.core 3.20.0.v20220811-0741]
2024-08-07 09:43:09.900 - Connect with 'ItekniaDB' (microsoft-18eec9a6eb0-46b1a1deaef42b3d)
> Start DBeaver SQL Server Support [org.jkiss.dbeaver.ext.mssql 1.0.197.202304091457]
2024-08-07 09:43:09.956 - Open [https://dbeaver.io/product/version.xml]
2024-08-07 09:43:09.971 - Execution context opened (ItekniaDB; Main; 0)
2024-08-07 09:43:10.937 - Execution context opened (ItekniaDB; Metadata; 1)
2024-08-07 09:43:11.814 - Connected (microsoft-18eec9a6eb0-46b1a1deaef42b3d, Microsoft JDBC Driver 9.2 for SQL Server [9.2.0.0])
2024-08-07 09:43:11.819 - Execution context opened (ItekniaDB; SQLEditor <000 EXCEPCIONES ITEKNIA.sql>; 2)
> Start DBeaver UI Editors - Connections [org.jkiss.dbeaver.ui.editors.connection 1.0.94.202304091457]
> Start DBeaver PostgreSQL Support UI [org.jkiss.dbeaver.ext.postgresql.ui 1.0.79.202304091457]
> Start DBeaver PostgreSQL Support [org.jkiss.dbeaver.ext.postgresql 2.1.176.202304091457]
2024-08-07 09:49:34.762 - Service 'org.jkiss.dbeaver.runtime.ui.UIServiceSecurity' not found
2024-08-07 10:00:46.145 - Connect with 'comeritk-odoo-dev-14432757' (postgres-jdbc-1912d88050e-255db97d1e709627)
> Start DBeaver GIS Support [org.jkiss.dbeaver.data.gis 1.0.127.202304091457]
2024-08-07 10:00:46.199 - Execution context opened (comeritk-odoo-dev-14432757; Main <comeritk-odoo-dev-14432757>; 3)
2024-08-07 10:00:46.201 - Initiate connection to PostgreSQL database [comeritk-odoo-dev-14432757@localhost] for Main <comeritk-odoo-dev-14432757>
2024-08-07 10:00:46.417 - Open [https://repo1.maven.org/maven2/org/postgresql/postgresql/42.5.0/postgresql-42.5.0.pom]
2024-08-07 10:00:46.641 - Open [https://repo1.maven.org/maven2/org/checkerframework/checker-qual/3.5.0/checker-qual-3.5.0.pom]
2024-08-07 10:00:46.684 - Open [https://repo1.maven.org/maven2/com/github/waffle/waffle-jna/1.9.1/waffle-jna-1.9.1.pom]
2024-08-07 10:00:46.727 - Open [https://repo1.maven.org/maven2/com/github/waffle/waffle-parent/1.9.1/waffle-parent-1.9.1.pom]
2024-08-07 10:00:46.826 - Open [https://repo1.maven.org/maven2/net/java/dev/jna/jna/4.5.1/jna-4.5.1.pom]
2024-08-07 10:00:46.866 - Open [https://repo1.maven.org/maven2/net/java/dev/jna/jna-platform/4.5.1/jna-platform-4.5.1.pom]
2024-08-07 10:00:46.904 - Open [https://repo1.maven.org/maven2/org/slf4j/jcl-over-slf4j/1.7.25/jcl-over-slf4j-1.7.25.pom]
2024-08-07 10:00:46.941 - Open [https://repo1.maven.org/maven2/org/slf4j/slf4j-parent/1.7.25/slf4j-parent-1.7.25.pom]
2024-08-07 10:00:46.985 - Open [https://repo1.maven.org/maven2/org/slf4j/slf4j-api/1.7.25/slf4j-api-1.7.25.pom]
2024-08-07 10:00:47.026 - Open [https://repo1.maven.org/maven2/com/github/ben-manes/caffeine/caffeine/2.6.2/caffeine-2.6.2.pom]
2024-08-07 10:00:54.388 - Error creating driver 'PostgreSQL' instance.
Most likely required jar files are missing.
You should configure jars in driver settings.

Reason: can't load driver class 'org.postgresql.Driver'
org.jkiss.dbeaver.DBException: Error creating driver 'PostgreSQL' instance.
Most likely required jar files are missing.
You should configure jars in driver settings.

Reason: can't load driver class 'org.postgresql.Driver'
	at org.jkiss.dbeaver.registry.driver.DriverDescriptor.loadDriver(DriverDescriptor.java:1188)
	at org.jkiss.dbeaver.registry.driver.DriverDescriptor.loadDriver(DriverDescriptor.java:1122)
	at org.jkiss.dbeaver.registry.driver.DriverDescriptor.getDriverInstance(DriverDescriptor.java:675)
	at org.jkiss.dbeaver.model.impl.jdbc.JDBCDataSource.getDriverInstance(JDBCDataSource.java:697)
	at org.jkiss.dbeaver.model.impl.jdbc.JDBCDataSource.openConnection(JDBCDataSource.java:177)
	at org.jkiss.dbeaver.ext.postgresql.model.PostgreDataSource.openConnection(PostgreDataSource.java:527)
	at org.jkiss.dbeaver.model.impl.jdbc.JDBCExecutionContext.connect(JDBCExecutionContext.java:103)
	at org.jkiss.dbeaver.model.impl.jdbc.JDBCRemoteInstance.initializeMainContext(JDBCRemoteInstance.java:102)
	at org.jkiss.dbeaver.ext.postgresql.model.PostgreDatabase.checkInstanceConnection(PostgreDatabase.java:226)
	at org.jkiss.dbeaver.ext.postgresql.model.PostgreDatabase.<init>(PostgreDatabase.java:119)
	at org.jkiss.dbeaver.ext.postgresql.model.PostgreDataSource.createDatabaseImpl(PostgreDataSource.java:276)
	at org.jkiss.dbeaver.ext.postgresql.model.PostgreDataSource.initializeRemoteInstance(PostgreDataSource.java:171)
	at org.jkiss.dbeaver.model.impl.jdbc.JDBCDataSource.<init>(JDBCDataSource.java:108)
	at org.jkiss.dbeaver.model.impl.jdbc.JDBCDataSource.<init>(JDBCDataSource.java:99)
	at org.jkiss.dbeaver.ext.postgresql.model.PostgreDataSource.<init>(PostgreDataSource.java:104)
	at org.jkiss.dbeaver.ext.postgresql.PostgreDataSourceProvider.openDataSource(PostgreDataSourceProvider.java:114)
	at org.jkiss.dbeaver.registry.DataSourceDescriptor.openDataSource(DataSourceDescriptor.java:1191)
	at org.jkiss.dbeaver.registry.DataSourceDescriptor.connect(DataSourceDescriptor.java:1056)
	at org.jkiss.dbeaver.runtime.jobs.ConnectJob.run(ConnectJob.java:70)
	at org.jkiss.dbeaver.model.runtime.AbstractJob.run(AbstractJob.java:105)
	at org.eclipse.core.internal.jobs.Worker.run(Worker.java:63)
Caused by: java.lang.ClassNotFoundException: org.postgresql.Driver
	at java.base/java.net.URLClassLoader.findClass(Unknown Source)
	at java.base/java.lang.ClassLoader.loadClass(Unknown Source)
	at java.base/java.lang.ClassLoader.loadClass(Unknown Source)
	at java.base/java.lang.Class.forName0(Native Method)
	at java.base/java.lang.Class.forName(Unknown Source)
	at org.jkiss.dbeaver.registry.driver.DriverDescriptor.loadDriver(DriverDescriptor.java:1186)
	... 20 more
2024-08-07 10:01:05.560 - Delete empty SQL script '/General/Scripts/Script-2.sql'
2024-08-07 10:01:16.193 - Connect with 'comeritk-odoo-dev-14432757' (postgres-jdbc-1912d88050e-255db97d1e709627)
2024-08-07 10:01:16.195 - Execution context opened (comeritk-odoo-dev-14432757; Main <comeritk-odoo-dev-14432757>; 4)
2024-08-07 10:01:16.195 - Initiate connection to PostgreSQL database [comeritk-odoo-dev-14432757@localhost] for Main <comeritk-odoo-dev-14432757>
2024-08-07 10:01:30.782 - Error creating driver 'PostgreSQL' instance.
Most likely required jar files are missing.
You should configure jars in driver settings.

Reason: can't load driver class 'org.postgresql.Driver'
org.jkiss.dbeaver.DBException: Error creating driver 'PostgreSQL' instance.
Most likely required jar files are missing.
You should configure jars in driver settings.

Reason: can't load driver class 'org.postgresql.Driver'
	at org.jkiss.dbeaver.registry.driver.DriverDescriptor.loadDriver(DriverDescriptor.java:1188)
	at org.jkiss.dbeaver.registry.driver.DriverDescriptor.loadDriver(DriverDescriptor.java:1122)
	at org.jkiss.dbeaver.registry.driver.DriverDescriptor.getDriverInstance(DriverDescriptor.java:675)
	at org.jkiss.dbeaver.model.impl.jdbc.JDBCDataSource.getDriverInstance(JDBCDataSource.java:697)
	at org.jkiss.dbeaver.model.impl.jdbc.JDBCDataSource.openConnection(JDBCDataSource.java:177)
	at org.jkiss.dbeaver.ext.postgresql.model.PostgreDataSource.openConnection(PostgreDataSource.java:527)
	at org.jkiss.dbeaver.model.impl.jdbc.JDBCExecutionContext.connect(JDBCExecutionContext.java:103)
	at org.jkiss.dbeaver.model.impl.jdbc.JDBCRemoteInstance.initializeMainContext(JDBCRemoteInstance.java:102)
	at org.jkiss.dbeaver.ext.postgresql.model.PostgreDatabase.checkInstanceConnection(PostgreDatabase.java:226)
	at org.jkiss.dbeaver.ext.postgresql.model.PostgreDatabase.<init>(PostgreDatabase.java:119)
	at org.jkiss.dbeaver.ext.postgresql.model.PostgreDataSource.createDatabaseImpl(PostgreDataSource.java:276)
	at org.jkiss.dbeaver.ext.postgresql.model.PostgreDataSource.initializeRemoteInstance(PostgreDataSource.java:171)
	at org.jkiss.dbeaver.model.impl.jdbc.JDBCDataSource.<init>(JDBCDataSource.java:108)
	at org.jkiss.dbeaver.model.impl.jdbc.JDBCDataSource.<init>(JDBCDataSource.java:99)
	at org.jkiss.dbeaver.ext.postgresql.model.PostgreDataSource.<init>(PostgreDataSource.java:104)
	at org.jkiss.dbeaver.ext.postgresql.PostgreDataSourceProvider.openDataSource(PostgreDataSourceProvider.java:114)
	at org.jkiss.dbeaver.registry.DataSourceDescriptor.openDataSource(DataSourceDescriptor.java:1191)
	at org.jkiss.dbeaver.registry.DataSourceDescriptor.connect(DataSourceDescriptor.java:1056)
	at org.jkiss.dbeaver.runtime.jobs.ConnectJob.run(ConnectJob.java:70)
	at org.jkiss.dbeaver.runtime.jobs.ConnectJob.runSync(ConnectJob.java:97)
	at org.jkiss.dbeaver.ui.actions.datasource.DataSourceHandler.connectToDataSource(DataSourceHandler.java:109)
	at org.jkiss.dbeaver.ui.actions.datasource.UIServiceConnectionsImpl.initConnection(UIServiceConnectionsImpl.java:87)
	at org.jkiss.dbeaver.model.navigator.DBNDataSource.initializeNode(DBNDataSource.java:158)
	at org.jkiss.dbeaver.model.navigator.DBNDatabaseNode.getChildren(DBNDatabaseNode.java:225)
	at org.jkiss.dbeaver.model.navigator.DBNDatabaseNode.getChildren(DBNDatabaseNode.java:1)
	at org.jkiss.dbeaver.model.navigator.DBNUtils.getNodeChildrenFiltered(DBNUtils.java:80)
	at org.jkiss.dbeaver.ui.navigator.database.load.TreeLoadService.evaluate(TreeLoadService.java:49)
	at org.jkiss.dbeaver.ui.navigator.database.load.TreeLoadService.evaluate(TreeLoadService.java:1)
	at org.jkiss.dbeaver.ui.LoadingJob.run(LoadingJob.java:88)
	at org.jkiss.dbeaver.ui.LoadingJob.run(LoadingJob.java:72)
	at org.jkiss.dbeaver.model.runtime.AbstractJob.run(AbstractJob.java:105)
	at org.eclipse.core.internal.jobs.Worker.run(Worker.java:63)
Caused by: java.lang.ClassNotFoundException: org.postgresql.Driver
	at java.base/java.net.URLClassLoader.findClass(Unknown Source)
	at java.base/java.lang.ClassLoader.loadClass(Unknown Source)
	at java.base/java.lang.ClassLoader.loadClass(Unknown Source)
	at java.base/java.lang.Class.forName0(Native Method)
	at java.base/java.lang.Class.forName(Unknown Source)
	at org.jkiss.dbeaver.registry.driver.DriverDescriptor.loadDriver(DriverDescriptor.java:1186)
	... 31 more
2024-08-07 10:02:04.483 - Service 'org.jkiss.dbeaver.runtime.ui.UIServiceSecurity' not found
> Start IU de soporte de colaboración [org.eclipse.team.ui 3.9.500.v20220920-2213]
> Start DBeaver Tasks View [org.jkiss.dbeaver.tasks.ui.view 1.0.52.202304091457]
> Start DBeaver Tasks - General UI [org.jkiss.dbeaver.tasks.ui 1.0.81.202304091457]
2024-08-07 10:07:30.811 - Execution context closed (ItekniaDB, 2)
2024-08-07 10:07:31.352 - DBeaver is stopping
2024-08-07 10:07:31.353 - Stop RMI server
2024-08-07 10:07:31.354 - RMI controller has been stopped
2024-08-07 10:07:31.354 - DBeaver shutdown completed
